<?xml version="1.0" encoding="UTF-8"?>
<!-- Generated by org.testng.reporters.JUnitXMLReporter -->
<testsuite ignored="0" hostname="DESKTOP-E4QNE7I" failures="0" tests="3" name="Default test" time="22.578" errors="0" timestamp="2026-01-25T21:46:18 IST">
  <testcase classname="com.TestNG.Day20_0_Action" name="test" time="0.145"/>
  <testcase classname="com.TestNG.Day20_0_Action" name="test1" time="0.277"/>
  <testcase classname="com.TestNG.Day20_0_Action" name="test2" time="0.031"/>
</testsuite> <!-- Default test -->
