<?xml version="1.0" encoding="UTF-8"?>
<!-- Generated by org.testng.reporters.JUnitXMLReporter -->
<testsuite ignored="2" hostname="DESKTOP-E4QNE7I" failures="0" tests="4" name="Default test" time="0.074" errors="0" timestamp="2026-01-14T17:01:45 IST">
  <testcase classname="com.TestNG.Day12_4_alwaysRun" name="loggedIn" time="0.011"/>
  <testcase classname="com.TestNG.Day12_4_alwaysRun" name="logout" time="0.002"/>
  <testcase classname="com.TestNG.Day12_4_alwaysRun" name="display" time="0.001"/>
  <testcase classname="com.TestNG.Day12_4_alwaysRun" name="search" time="0.002"/>
  <testcase classname="com.TestNG.Day12_4_alwaysRun" name="register" time="0.0">
    <ignored/>
  </testcase> <!-- register -->
  <testcase classname="com.TestNG.Day12_4_alwaysRun" name="view" time="0.0">
    <ignored/>
  </testcase> <!-- view -->
</testsuite> <!-- Default test -->
