<?xml version="1.0" encoding="UTF-8"?>
<!-- Generated by org.testng.reporters.JUnitXMLReporter -->
<testsuite ignored="2" hostname="DESKTOP-E4QNE7I" failures="0" tests="2" name="Default test" time="3.582" errors="0" timestamp="2026-01-27T11:52:09 IST">
  <testcase classname="com.TestNG.Day21_0_Select" name="test2" time="0.137"/>
  <testcase classname="com.TestNG.Day21_0_Select" name="test3" time="0.001"/>
  <testcase classname="com.TestNG.Day21_0_Select" name="test" time="0.0">
    <ignored/>
  </testcase> <!-- test -->
  <testcase classname="com.TestNG.Day21_0_Select" name="test1" time="0.0">
    <ignored/>
  </testcase> <!-- test1 -->
</testsuite> <!-- Default test -->
