<?xml version="1.0" encoding="UTF-8"?>
<!-- Generated by org.testng.reporters.JUnitXMLReporter -->
<testsuite ignored="0" hostname="DESKTOP-E4QNE7I" failures="0" tests="3" name="Default test" time="19.007" errors="0" timestamp="2026-01-24T15:41:22 IST">
  <testcase classname="com.TestNG.Day18_2Practice" name="end" time="0.251"/>
  <testcase classname="com.TestNG.Day18_2Practice" name="test" time="1.137"/>
  <testcase classname="com.TestNG.Day18_2Practice" name="test1" time="5.498"/>
</testsuite> <!-- Default test -->
