<?xml version="1.0" encoding="UTF-8"?>
<!-- Generated by org.testng.reporters.JUnitXMLReporter -->
<testsuite ignored="1" hostname="DESKTOP-E4QNE7I" failures="0" tests="5" name="Default test" time="0.098" errors="0" timestamp="2026-01-14T16:49:51 IST">
  <testcase classname="com.TestNG.Day12_3_dependsonmethod" name="loggedIn" time="0.016"/>
  <testcase classname="com.TestNG.Day12_3_dependsonmethod" name="logout" time="0.004"/>
  <testcase classname="com.TestNG.Day12_3_dependsonmethod" name="display" time="0.005"/>
  <testcase classname="com.TestNG.Day12_3_dependsonmethod" name="search" time="0.001"/>
  <testcase classname="com.TestNG.Day12_3_dependsonmethod" name="register" time="0.003"/>
  <testcase classname="com.TestNG.Day12_3_dependsonmethod" name="view" time="0.0">
    <ignored/>
  </testcase> <!-- view -->
</testsuite> <!-- Default test -->
