<html>
<head>
<title>TestNG:  Test</title>
<link href="../testng.css" rel="stylesheet" type="text/css" />
<link href="../my-testng.css" rel="stylesheet" type="text/css" />

<style type="text/css">
.log { display: none;} 
.stack-trace { display: none;} 
</style>
<script type="text/javascript">
<!--
function flip(e) {
  current = e.style.display;
  if (current == 'block') {
    e.style.display = 'none';
    return 0;
  }
  else {
    e.style.display = 'block';
    return 1;
  }
}

function toggleBox(szDivId, elem, msg1, msg2)
{
  var res = -1;  if (document.getElementById) {
    res = flip(document.getElementById(szDivId));
  }
  else if (document.all) {
    // this is the way old msie versions work
    res = flip(document.all[szDivId]);
  }
  if(elem) {
    if(res == 0) elem.innerHTML = msg1; else elem.innerHTML = msg2;
  }

}

function toggleAllBoxes() {
  if (document.getElementsByTagName) {
    d = document.getElementsByTagName('div');
    for (i = 0; i < d.length; i++) {
      if (d[i].className == 'log') {
        flip(d[i]);
      }
    }
  }
}

// -->
</script>

</head>
<body>
<h2 align='center'>Test</h2><table border='1' align="center">
<tr>
<td>Tests passed/Failed/Skipped:</td><td>45/5/0</td>
</tr><tr>
<td>Started on:</td><td>Fri Jan 16 16:00:17 IST 2026</td>
</tr>
<tr><td>Total time:</td><td>137 seconds (137532 ms)</td>
</tr><tr>
<td>Included groups:</td><td></td>
</tr><tr>
<td>Excluded groups:</td><td></td>
</tr>
</table><p/>
<small><i>(Hover the method name to see the test class name)</i></small><p/>
<table width='100%' border='1' class='invocation-failed'>
<tr><td colspan='4' align='center'><b>FAILED TESTS</b></td></tr>
<tr><td><b>Test method</b></td>
<td><b>Attribute(s)</b></td>
<td width="30%"><b>Exception</b></td>
<td width="10%"><b>Time (seconds)</b></td>
<td><b>Instance</b></td>
</tr>
<tr>
<td title='com.TestNG.Day13_0_validation_testcase.heading_validation()'><b>heading_validation</b><br>Test class: com.TestNG.Day13_0_validation_testcase</td>
<td><div><pre>org.openqa.selenium.NoSuchElementException: no such element: Unable to locate element: {&quot;method&quot;:&quot;tag name&quot;,&quot;selector&quot;:&quot;h3&quot;}
  (Session info: chrome=142.0.7444.177)
For documentation on this error, please visit: https://www.selenium.dev/documentation/webdriver/troubleshooting/errors#nosuchelementexception
Build info: version: &apos;4.38.0&apos;, revision: &apos;6b412e825c*&apos;
System info: os.name: &apos;Windows 11&apos;, os.arch: &apos;amd64&apos;, os.version: &apos;10.0&apos;, java.version: &apos;22.0.2&apos;
Driver info: org.openqa.selenium.chrome.ChromeDriver
Command: [6bf8f45a4874710d43b95a1ce0378134, findElement {using=tag name, value=h3}]
Capabilities {acceptInsecureCerts: false, browserName: chrome, browserVersion: 142.0.7444.177, chrome: {chromedriverVersion: 142.0.7444.175 (302067f14a4..., userDataDir: C:\WINDOWS\SystemTemp\scope...}, fedcm:accounts: true, goog:chromeOptions: {debuggerAddress: localhost:58832}, goog:processID: 9500, networkConnectionEnabled: false, pageLoadStrategy: normal, platformName: windows, proxy: Proxy(), se:cdp: ws://localhost:58832/devtoo..., se:cdpVersion: 142.0.7444.177, setWindowRect: true, strictFileInteractability: false, timeouts: {implicit: 0, pageLoad: 300000, script: 30000}, unhandledPromptBehavior: dismiss and notify, webauthn:extension:credBlob: true, webauthn:extension:largeBlob: true, webauthn:extension:minPinLength: true, webauthn:extension:prf: true, webauthn:virtualAuthenticators: true}
Session ID: 6bf8f45a4874710d43b95a1ce0378134
	at org.openqa.selenium.remote.ErrorCodec.decode(ErrorCodec.java:167)
	at org.openqa.selenium.remote.codec.w3c.W3CHttpResponseCodec.decode(W3CHttpResponseCodec.java:138)
	at org.openqa.selenium.remote.codec.w3c.W3CHttpResponseCodec.decode(W3CHttpResponseCodec.java:50)
	at org.openqa.selenium.remote.HttpCommandExecutor.execute(HttpCommandExecutor.java:215)
	at org.openqa.selenium.remote.service.DriverCommandExecutor.invokeExecute(DriverCommandExecutor.java:216)
	at org.openqa.selenium.remote.service.DriverCommandExecutor.execute(DriverCommandExecutor.java:174)
	at org.openqa.selenium.remote.RemoteWebDriver.execute(RemoteWebDriver.java:557)
	at org.openqa.selenium.remote.ElementLocation$ElementFinder$2.findElement(ElementLocation.java:165)
	at org.openqa.selenium.remote.ElementLocation.findElement(ElementLocation.java:59)
	at org.openqa.selenium.remote.RemoteWebDriver.findElement(RemoteWebDriver.java:380)
	at org.openqa.selenium.remote.RemoteWebDriver.findElement(RemoteWebDriver.java:374)
	at com.TestNG.Day13_0_validation_testcase.heading_validation(Day13_0_validation_testcase.java:97)
	at java.base/java.util.ArrayList.forEach(ArrayList.java:1597)
... Removed 28 stack frames</pre></div><a href='#' onClick='toggleBox("stack-trace1865982601", this, "Click to show all stack frames", "Click to hide stack frames")'>Click to show all stack frames</a>
<div class='stack-trace' id='stack-trace1865982601'><pre>org.openqa.selenium.NoSuchElementException: no such element: Unable to locate element: {&quot;method&quot;:&quot;tag name&quot;,&quot;selector&quot;:&quot;h3&quot;}
  (Session info: chrome=142.0.7444.177)
For documentation on this error, please visit: https://www.selenium.dev/documentation/webdriver/troubleshooting/errors#nosuchelementexception
Build info: version: &apos;4.38.0&apos;, revision: &apos;6b412e825c*&apos;
System info: os.name: &apos;Windows 11&apos;, os.arch: &apos;amd64&apos;, os.version: &apos;10.0&apos;, java.version: &apos;22.0.2&apos;
Driver info: org.openqa.selenium.chrome.ChromeDriver
Command: [6bf8f45a4874710d43b95a1ce0378134, findElement {using=tag name, value=h3}]
Capabilities {acceptInsecureCerts: false, browserName: chrome, browserVersion: 142.0.7444.177, chrome: {chromedriverVersion: 142.0.7444.175 (302067f14a4..., userDataDir: C:\WINDOWS\SystemTemp\scope...}, fedcm:accounts: true, goog:chromeOptions: {debuggerAddress: localhost:58832}, goog:processID: 9500, networkConnectionEnabled: false, pageLoadStrategy: normal, platformName: windows, proxy: Proxy(), se:cdp: ws://localhost:58832/devtoo..., se:cdpVersion: 142.0.7444.177, setWindowRect: true, strictFileInteractability: false, timeouts: {implicit: 0, pageLoad: 300000, script: 30000}, unhandledPromptBehavior: dismiss and notify, webauthn:extension:credBlob: true, webauthn:extension:largeBlob: true, webauthn:extension:minPinLength: true, webauthn:extension:prf: true, webauthn:virtualAuthenticators: true}
Session ID: 6bf8f45a4874710d43b95a1ce0378134
	at java.base/jdk.internal.reflect.DirectConstructorHandleAccessor.newInstance(DirectConstructorHandleAccessor.java:62)
	at java.base/java.lang.reflect.Constructor.newInstanceWithCaller(Constructor.java:502)
	at java.base/java.lang.reflect.Constructor.newInstance(Constructor.java:486)
	at org.openqa.selenium.remote.ErrorCodec.decode(ErrorCodec.java:167)
	at org.openqa.selenium.remote.codec.w3c.W3CHttpResponseCodec.decode(W3CHttpResponseCodec.java:138)
	at org.openqa.selenium.remote.codec.w3c.W3CHttpResponseCodec.decode(W3CHttpResponseCodec.java:50)
	at org.openqa.selenium.remote.HttpCommandExecutor.execute(HttpCommandExecutor.java:215)
	at org.openqa.selenium.remote.service.DriverCommandExecutor.invokeExecute(DriverCommandExecutor.java:216)
	at org.openqa.selenium.remote.service.DriverCommandExecutor.execute(DriverCommandExecutor.java:174)
	at org.openqa.selenium.remote.RemoteWebDriver.execute(RemoteWebDriver.java:557)
	at org.openqa.selenium.remote.ElementLocation$ElementFinder$2.findElement(ElementLocation.java:165)
	at org.openqa.selenium.remote.ElementLocation.findElement(ElementLocation.java:59)
	at org.openqa.selenium.remote.RemoteWebDriver.findElement(RemoteWebDriver.java:380)
	at org.openqa.selenium.remote.RemoteWebDriver.findElement(RemoteWebDriver.java:374)
	at com.TestNG.Day13_0_validation_testcase.heading_validation(Day13_0_validation_testcase.java:97)
	at java.base/jdk.internal.reflect.DirectMethodHandleAccessor.invoke(DirectMethodHandleAccessor.java:103)
	at java.base/java.lang.reflect.Method.invoke(Method.java:580)
	at org.testng.internal.invokers.MethodInvocationHelper.invokeMethod(MethodInvocationHelper.java:141)
	at org.testng.internal.invokers.TestInvoker.invokeMethod(TestInvoker.java:687)
	at org.testng.internal.invokers.TestInvoker.invokeTestMethod(TestInvoker.java:230)
	at org.testng.internal.invokers.MethodRunner.runInSequence(MethodRunner.java:63)
	at org.testng.internal.invokers.TestInvoker$MethodInvocationAgent.invoke(TestInvoker.java:995)
	at org.testng.internal.invokers.TestInvoker.invokeTestMethods(TestInvoker.java:203)
	at org.testng.internal.invokers.TestMethodWorker.invokeTestMethods(TestMethodWorker.java:154)
	at org.testng.internal.invokers.TestMethodWorker.run(TestMethodWorker.java:134)
	at java.base/java.util.ArrayList.forEach(ArrayList.java:1597)
	at org.testng.TestRunner.privateRun(TestRunner.java:741)
	at org.testng.TestRunner.run(TestRunner.java:616)
	at org.testng.SuiteRunner.runTest(SuiteRunner.java:421)
	at org.testng.SuiteRunner.runSequentially(SuiteRunner.java:413)
	at org.testng.SuiteRunner.privateRun(SuiteRunner.java:373)
	at org.testng.SuiteRunner.run(SuiteRunner.java:312)
	at org.testng.SuiteRunnerWorker.runSuite(SuiteRunnerWorker.java:52)
	at org.testng.SuiteRunnerWorker.run(SuiteRunnerWorker.java:95)
	at org.testng.TestNG.runSuitesSequentially(TestNG.java:1274)
	at org.testng.TestNG.runSuitesLocally(TestNG.java:1208)
	at org.testng.TestNG.runSuites(TestNG.java:1112)
	at org.testng.TestNG.run(TestNG.java:1079)
	at org.testng.remote.AbstractRemoteTestNG.run(AbstractRemoteTestNG.java:115)
	at org.testng.remote.RemoteTestNG.initAndRun(RemoteTestNG.java:293)
	at org.testng.remote.RemoteTestNG.main(RemoteTestNG.java:91)
</pre></div></td>
<td>9</td>
<td>com.TestNG.Day13_0_validation_testcase@815b41f</td></tr>
<tr>
<td title='com.TestNG.Day13_0_validation_testcase.title_validation()'><b>title_validation</b><br>Test class: com.TestNG.Day13_0_validation_testcase</td>
<td><div><pre>java.lang.AssertionError: ----  Sorry But title Is not validate ---- expected [Login Success] but found [Logged In Successfully | Practice Test Automation]
	at com.TestNG.Day13_0_validation_testcase.title_validation(Day13_0_validation_testcase.java:52)
	at java.base/java.util.ArrayList.forEach(ArrayList.java:1597)
... Removed 30 stack frames</pre></div><a href='#' onClick='toggleBox("stack-trace380216561", this, "Click to show all stack frames", "Click to hide stack frames")'>Click to show all stack frames</a>
<div class='stack-trace' id='stack-trace380216561'><pre>java.lang.AssertionError: ----  Sorry But title Is not validate ---- expected [Login Success] but found [Logged In Successfully | Practice Test Automation]
	at org.testng.Assert.fail(Assert.java:111)
	at org.testng.Assert.failNotEquals(Assert.java:1590)
	at org.testng.Assert.assertEqualsImpl(Assert.java:150)
	at org.testng.Assert.assertEquals(Assert.java:132)
	at org.testng.Assert.assertEquals(Assert.java:656)
	at com.TestNG.Day13_0_validation_testcase.title_validation(Day13_0_validation_testcase.java:52)
	at java.base/jdk.internal.reflect.DirectMethodHandleAccessor.invoke(DirectMethodHandleAccessor.java:103)
	at java.base/java.lang.reflect.Method.invoke(Method.java:580)
	at org.testng.internal.invokers.MethodInvocationHelper.invokeMethod(MethodInvocationHelper.java:141)
	at org.testng.internal.invokers.TestInvoker.invokeMethod(TestInvoker.java:687)
	at org.testng.internal.invokers.TestInvoker.invokeTestMethod(TestInvoker.java:230)
	at org.testng.internal.invokers.MethodRunner.runInSequence(MethodRunner.java:63)
	at org.testng.internal.invokers.TestInvoker$MethodInvocationAgent.invoke(TestInvoker.java:995)
	at org.testng.internal.invokers.TestInvoker.invokeTestMethods(TestInvoker.java:203)
	at org.testng.internal.invokers.TestMethodWorker.invokeTestMethods(TestMethodWorker.java:154)
	at org.testng.internal.invokers.TestMethodWorker.run(TestMethodWorker.java:134)
	at java.base/java.util.ArrayList.forEach(ArrayList.java:1597)
	at org.testng.TestRunner.privateRun(TestRunner.java:741)
	at org.testng.TestRunner.run(TestRunner.java:616)
	at org.testng.SuiteRunner.runTest(SuiteRunner.java:421)
	at org.testng.SuiteRunner.runSequentially(SuiteRunner.java:413)
	at org.testng.SuiteRunner.privateRun(SuiteRunner.java:373)
	at org.testng.SuiteRunner.run(SuiteRunner.java:312)
	at org.testng.SuiteRunnerWorker.runSuite(SuiteRunnerWorker.java:52)
	at org.testng.SuiteRunnerWorker.run(SuiteRunnerWorker.java:95)
	at org.testng.TestNG.runSuitesSequentially(TestNG.java:1274)
	at org.testng.TestNG.runSuitesLocally(TestNG.java:1208)
	at org.testng.TestNG.runSuites(TestNG.java:1112)
	at org.testng.TestNG.run(TestNG.java:1079)
	at org.testng.remote.AbstractRemoteTestNG.run(AbstractRemoteTestNG.java:115)
	at org.testng.remote.RemoteTestNG.initAndRun(RemoteTestNG.java:293)
	at org.testng.remote.RemoteTestNG.main(RemoteTestNG.java:91)
</pre></div></td>
<td>12</td>
<td>com.TestNG.Day13_0_validation_testcase@815b41f</td></tr>
<tr>
<td title='com.TestNG.Day15_3_Practice.login()'><b>login</b><br>Test class: com.TestNG.Day15_3_Practice</td>
<td><div><pre>org.openqa.selenium.NoSuchElementException: no such element: Unable to locate element: {&quot;method&quot;:&quot;css selector&quot;,&quot;selector&quot;:&quot;#loginform &gt; div:nth-child(13) &gt; div._9ay7&quot;}
  (Session info: chrome=142.0.7444.177)
For documentation on this error, please visit: https://www.selenium.dev/documentation/webdriver/troubleshooting/errors#nosuchelementexception
Build info: version: &apos;4.38.0&apos;, revision: &apos;6b412e825c*&apos;
System info: os.name: &apos;Windows 11&apos;, os.arch: &apos;amd64&apos;, os.version: &apos;10.0&apos;, java.version: &apos;22.0.2&apos;
Driver info: org.openqa.selenium.chrome.ChromeDriver
Command: [63582261338a6f8531a61b2b69761878, findElement {using=css selector, value=#loginform &gt; div:nth-child(13) &gt; div._9ay7}]
Capabilities {acceptInsecureCerts: false, browserName: chrome, browserVersion: 142.0.7444.177, chrome: {chromedriverVersion: 142.0.7444.175 (302067f14a4..., userDataDir: C:\WINDOWS\SystemTemp\scope...}, fedcm:accounts: true, goog:chromeOptions: {debuggerAddress: localhost:64197}, goog:processID: 15864, networkConnectionEnabled: false, pageLoadStrategy: normal, platformName: windows, proxy: Proxy(), se:cdp: ws://localhost:64197/devtoo..., se:cdpVersion: 142.0.7444.177, setWindowRect: true, strictFileInteractability: false, timeouts: {implicit: 0, pageLoad: 300000, script: 30000}, unhandledPromptBehavior: dismiss and notify, webauthn:extension:credBlob: true, webauthn:extension:largeBlob: true, webauthn:extension:minPinLength: true, webauthn:extension:prf: true, webauthn:virtualAuthenticators: true}
Session ID: 63582261338a6f8531a61b2b69761878
	at org.openqa.selenium.remote.ErrorCodec.decode(ErrorCodec.java:167)
	at org.openqa.selenium.remote.codec.w3c.W3CHttpResponseCodec.decode(W3CHttpResponseCodec.java:138)
	at org.openqa.selenium.remote.codec.w3c.W3CHttpResponseCodec.decode(W3CHttpResponseCodec.java:50)
	at org.openqa.selenium.remote.HttpCommandExecutor.execute(HttpCommandExecutor.java:215)
	at org.openqa.selenium.remote.service.DriverCommandExecutor.invokeExecute(DriverCommandExecutor.java:216)
	at org.openqa.selenium.remote.service.DriverCommandExecutor.execute(DriverCommandExecutor.java:174)
	at org.openqa.selenium.remote.RemoteWebDriver.execute(RemoteWebDriver.java:557)
	at org.openqa.selenium.remote.ElementLocation$ElementFinder$2.findElement(ElementLocation.java:165)
	at org.openqa.selenium.remote.ElementLocation.findElement(ElementLocation.java:59)
	at org.openqa.selenium.remote.RemoteWebDriver.findElement(RemoteWebDriver.java:380)
	at org.openqa.selenium.remote.RemoteWebDriver.findElement(RemoteWebDriver.java:374)
	at com.TestNG.Day15_3_Practice.login(Day15_3_Practice.java:34)
	at java.base/java.util.ArrayList.forEach(ArrayList.java:1597)
... Removed 28 stack frames</pre></div><a href='#' onClick='toggleBox("stack-trace725832346", this, "Click to show all stack frames", "Click to hide stack frames")'>Click to show all stack frames</a>
<div class='stack-trace' id='stack-trace725832346'><pre>org.openqa.selenium.NoSuchElementException: no such element: Unable to locate element: {&quot;method&quot;:&quot;css selector&quot;,&quot;selector&quot;:&quot;#loginform &gt; div:nth-child(13) &gt; div._9ay7&quot;}
  (Session info: chrome=142.0.7444.177)
For documentation on this error, please visit: https://www.selenium.dev/documentation/webdriver/troubleshooting/errors#nosuchelementexception
Build info: version: &apos;4.38.0&apos;, revision: &apos;6b412e825c*&apos;
System info: os.name: &apos;Windows 11&apos;, os.arch: &apos;amd64&apos;, os.version: &apos;10.0&apos;, java.version: &apos;22.0.2&apos;
Driver info: org.openqa.selenium.chrome.ChromeDriver
Command: [63582261338a6f8531a61b2b69761878, findElement {using=css selector, value=#loginform &gt; div:nth-child(13) &gt; div._9ay7}]
Capabilities {acceptInsecureCerts: false, browserName: chrome, browserVersion: 142.0.7444.177, chrome: {chromedriverVersion: 142.0.7444.175 (302067f14a4..., userDataDir: C:\WINDOWS\SystemTemp\scope...}, fedcm:accounts: true, goog:chromeOptions: {debuggerAddress: localhost:64197}, goog:processID: 15864, networkConnectionEnabled: false, pageLoadStrategy: normal, platformName: windows, proxy: Proxy(), se:cdp: ws://localhost:64197/devtoo..., se:cdpVersion: 142.0.7444.177, setWindowRect: true, strictFileInteractability: false, timeouts: {implicit: 0, pageLoad: 300000, script: 30000}, unhandledPromptBehavior: dismiss and notify, webauthn:extension:credBlob: true, webauthn:extension:largeBlob: true, webauthn:extension:minPinLength: true, webauthn:extension:prf: true, webauthn:virtualAuthenticators: true}
Session ID: 63582261338a6f8531a61b2b69761878
	at java.base/jdk.internal.reflect.DirectConstructorHandleAccessor.newInstance(DirectConstructorHandleAccessor.java:62)
	at java.base/java.lang.reflect.Constructor.newInstanceWithCaller(Constructor.java:502)
	at java.base/java.lang.reflect.Constructor.newInstance(Constructor.java:486)
	at org.openqa.selenium.remote.ErrorCodec.decode(ErrorCodec.java:167)
	at org.openqa.selenium.remote.codec.w3c.W3CHttpResponseCodec.decode(W3CHttpResponseCodec.java:138)
	at org.openqa.selenium.remote.codec.w3c.W3CHttpResponseCodec.decode(W3CHttpResponseCodec.java:50)
	at org.openqa.selenium.remote.HttpCommandExecutor.execute(HttpCommandExecutor.java:215)
	at org.openqa.selenium.remote.service.DriverCommandExecutor.invokeExecute(DriverCommandExecutor.java:216)
	at org.openqa.selenium.remote.service.DriverCommandExecutor.execute(DriverCommandExecutor.java:174)
	at org.openqa.selenium.remote.RemoteWebDriver.execute(RemoteWebDriver.java:557)
	at org.openqa.selenium.remote.ElementLocation$ElementFinder$2.findElement(ElementLocation.java:165)
	at org.openqa.selenium.remote.ElementLocation.findElement(ElementLocation.java:59)
	at org.openqa.selenium.remote.RemoteWebDriver.findElement(RemoteWebDriver.java:380)
	at org.openqa.selenium.remote.RemoteWebDriver.findElement(RemoteWebDriver.java:374)
	at com.TestNG.Day15_3_Practice.login(Day15_3_Practice.java:34)
	at java.base/jdk.internal.reflect.DirectMethodHandleAccessor.invoke(DirectMethodHandleAccessor.java:103)
	at java.base/java.lang.reflect.Method.invoke(Method.java:580)
	at org.testng.internal.invokers.MethodInvocationHelper.invokeMethod(MethodInvocationHelper.java:141)
	at org.testng.internal.invokers.TestInvoker.invokeMethod(TestInvoker.java:687)
	at org.testng.internal.invokers.TestInvoker.invokeTestMethod(TestInvoker.java:230)
	at org.testng.internal.invokers.MethodRunner.runInSequence(MethodRunner.java:63)
	at org.testng.internal.invokers.TestInvoker$MethodInvocationAgent.invoke(TestInvoker.java:995)
	at org.testng.internal.invokers.TestInvoker.invokeTestMethods(TestInvoker.java:203)
	at org.testng.internal.invokers.TestMethodWorker.invokeTestMethods(TestMethodWorker.java:154)
	at org.testng.internal.invokers.TestMethodWorker.run(TestMethodWorker.java:134)
	at java.base/java.util.ArrayList.forEach(ArrayList.java:1597)
	at org.testng.TestRunner.privateRun(TestRunner.java:741)
	at org.testng.TestRunner.run(TestRunner.java:616)
	at org.testng.SuiteRunner.runTest(SuiteRunner.java:421)
	at org.testng.SuiteRunner.runSequentially(SuiteRunner.java:413)
	at org.testng.SuiteRunner.privateRun(SuiteRunner.java:373)
	at org.testng.SuiteRunner.run(SuiteRunner.java:312)
	at org.testng.SuiteRunnerWorker.runSuite(SuiteRunnerWorker.java:52)
	at org.testng.SuiteRunnerWorker.run(SuiteRunnerWorker.java:95)
	at org.testng.TestNG.runSuitesSequentially(TestNG.java:1274)
	at org.testng.TestNG.runSuitesLocally(TestNG.java:1208)
	at org.testng.TestNG.runSuites(TestNG.java:1112)
	at org.testng.TestNG.run(TestNG.java:1079)
	at org.testng.remote.AbstractRemoteTestNG.run(AbstractRemoteTestNG.java:115)
	at org.testng.remote.RemoteTestNG.initAndRun(RemoteTestNG.java:293)
	at org.testng.remote.RemoteTestNG.main(RemoteTestNG.java:91)
</pre></div></td>
<td>25</td>
<td>com.TestNG.Day15_3_Practice@43bc63a3</td></tr>
<tr>
<td title='com.TestNG.Day15_1_isSelected.register()'><b>register</b><br>Test class: com.TestNG.Day15_1_isSelected</td>
<td><div><pre>org.openqa.selenium.NoSuchElementException: no such element: Unable to locate element: {&quot;method&quot;:&quot;xpath&quot;,&quot;selector&quot;:&quot;//input[@value=&apos;C&apos;]&quot;}
  (Session info: chrome=142.0.7444.177)
For documentation on this error, please visit: https://www.selenium.dev/documentation/webdriver/troubleshooting/errors#nosuchelementexception
Build info: version: &apos;4.38.0&apos;, revision: &apos;6b412e825c*&apos;
System info: os.name: &apos;Windows 11&apos;, os.arch: &apos;amd64&apos;, os.version: &apos;10.0&apos;, java.version: &apos;22.0.2&apos;
Driver info: org.openqa.selenium.chrome.ChromeDriver
Command: [39a3b60d3f3c5f366e36e6148ac1ba44, findElement {using=xpath, value=//input[@value=&apos;C&apos;]}]
Capabilities {acceptInsecureCerts: false, browserName: chrome, browserVersion: 142.0.7444.177, chrome: {chromedriverVersion: 142.0.7444.175 (302067f14a4..., userDataDir: C:\WINDOWS\SystemTemp\scope...}, fedcm:accounts: true, goog:chromeOptions: {debuggerAddress: localhost:52369}, goog:processID: 4744, networkConnectionEnabled: false, pageLoadStrategy: normal, platformName: windows, proxy: Proxy(), se:cdp: ws://localhost:52369/devtoo..., se:cdpVersion: 142.0.7444.177, setWindowRect: true, strictFileInteractability: false, timeouts: {implicit: 0, pageLoad: 300000, script: 30000}, unhandledPromptBehavior: dismiss and notify, webauthn:extension:credBlob: true, webauthn:extension:largeBlob: true, webauthn:extension:minPinLength: true, webauthn:extension:prf: true, webauthn:virtualAuthenticators: true}
Session ID: 39a3b60d3f3c5f366e36e6148ac1ba44
	at org.openqa.selenium.remote.ErrorCodec.decode(ErrorCodec.java:167)
	at org.openqa.selenium.remote.codec.w3c.W3CHttpResponseCodec.decode(W3CHttpResponseCodec.java:138)
	at org.openqa.selenium.remote.codec.w3c.W3CHttpResponseCodec.decode(W3CHttpResponseCodec.java:50)
	at org.openqa.selenium.remote.HttpCommandExecutor.execute(HttpCommandExecutor.java:215)
	at org.openqa.selenium.remote.service.DriverCommandExecutor.invokeExecute(DriverCommandExecutor.java:216)
	at org.openqa.selenium.remote.service.DriverCommandExecutor.execute(DriverCommandExecutor.java:174)
	at org.openqa.selenium.remote.RemoteWebDriver.execute(RemoteWebDriver.java:557)
	at org.openqa.selenium.remote.ElementLocation$ElementFinder$2.findElement(ElementLocation.java:165)
	at org.openqa.selenium.remote.ElementLocation.findElement(ElementLocation.java:59)
	at org.openqa.selenium.remote.RemoteWebDriver.findElement(RemoteWebDriver.java:380)
	at org.openqa.selenium.remote.RemoteWebDriver.findElement(RemoteWebDriver.java:374)
	at com.TestNG.Day15_1_isSelected.register(Day15_1_isSelected.java:59)
	at java.base/java.util.ArrayList.forEach(ArrayList.java:1597)
... Removed 28 stack frames</pre></div><a href='#' onClick='toggleBox("stack-trace345290829", this, "Click to show all stack frames", "Click to hide stack frames")'>Click to show all stack frames</a>
<div class='stack-trace' id='stack-trace345290829'><pre>org.openqa.selenium.NoSuchElementException: no such element: Unable to locate element: {&quot;method&quot;:&quot;xpath&quot;,&quot;selector&quot;:&quot;//input[@value=&apos;C&apos;]&quot;}
  (Session info: chrome=142.0.7444.177)
For documentation on this error, please visit: https://www.selenium.dev/documentation/webdriver/troubleshooting/errors#nosuchelementexception
Build info: version: &apos;4.38.0&apos;, revision: &apos;6b412e825c*&apos;
System info: os.name: &apos;Windows 11&apos;, os.arch: &apos;amd64&apos;, os.version: &apos;10.0&apos;, java.version: &apos;22.0.2&apos;
Driver info: org.openqa.selenium.chrome.ChromeDriver
Command: [39a3b60d3f3c5f366e36e6148ac1ba44, findElement {using=xpath, value=//input[@value=&apos;C&apos;]}]
Capabilities {acceptInsecureCerts: false, browserName: chrome, browserVersion: 142.0.7444.177, chrome: {chromedriverVersion: 142.0.7444.175 (302067f14a4..., userDataDir: C:\WINDOWS\SystemTemp\scope...}, fedcm:accounts: true, goog:chromeOptions: {debuggerAddress: localhost:52369}, goog:processID: 4744, networkConnectionEnabled: false, pageLoadStrategy: normal, platformName: windows, proxy: Proxy(), se:cdp: ws://localhost:52369/devtoo..., se:cdpVersion: 142.0.7444.177, setWindowRect: true, strictFileInteractability: false, timeouts: {implicit: 0, pageLoad: 300000, script: 30000}, unhandledPromptBehavior: dismiss and notify, webauthn:extension:credBlob: true, webauthn:extension:largeBlob: true, webauthn:extension:minPinLength: true, webauthn:extension:prf: true, webauthn:virtualAuthenticators: true}
Session ID: 39a3b60d3f3c5f366e36e6148ac1ba44
	at java.base/jdk.internal.reflect.DirectConstructorHandleAccessor.newInstance(DirectConstructorHandleAccessor.java:62)
	at java.base/java.lang.reflect.Constructor.newInstanceWithCaller(Constructor.java:502)
	at java.base/java.lang.reflect.Constructor.newInstance(Constructor.java:486)
	at org.openqa.selenium.remote.ErrorCodec.decode(ErrorCodec.java:167)
	at org.openqa.selenium.remote.codec.w3c.W3CHttpResponseCodec.decode(W3CHttpResponseCodec.java:138)
	at org.openqa.selenium.remote.codec.w3c.W3CHttpResponseCodec.decode(W3CHttpResponseCodec.java:50)
	at org.openqa.selenium.remote.HttpCommandExecutor.execute(HttpCommandExecutor.java:215)
	at org.openqa.selenium.remote.service.DriverCommandExecutor.invokeExecute(DriverCommandExecutor.java:216)
	at org.openqa.selenium.remote.service.DriverCommandExecutor.execute(DriverCommandExecutor.java:174)
	at org.openqa.selenium.remote.RemoteWebDriver.execute(RemoteWebDriver.java:557)
	at org.openqa.selenium.remote.ElementLocation$ElementFinder$2.findElement(ElementLocation.java:165)
	at org.openqa.selenium.remote.ElementLocation.findElement(ElementLocation.java:59)
	at org.openqa.selenium.remote.RemoteWebDriver.findElement(RemoteWebDriver.java:380)
	at org.openqa.selenium.remote.RemoteWebDriver.findElement(RemoteWebDriver.java:374)
	at com.TestNG.Day15_1_isSelected.register(Day15_1_isSelected.java:59)
	at java.base/jdk.internal.reflect.DirectMethodHandleAccessor.invoke(DirectMethodHandleAccessor.java:103)
	at java.base/java.lang.reflect.Method.invoke(Method.java:580)
	at org.testng.internal.invokers.MethodInvocationHelper.invokeMethod(MethodInvocationHelper.java:141)
	at org.testng.internal.invokers.TestInvoker.invokeMethod(TestInvoker.java:687)
	at org.testng.internal.invokers.TestInvoker.invokeTestMethod(TestInvoker.java:230)
	at org.testng.internal.invokers.MethodRunner.runInSequence(MethodRunner.java:63)
	at org.testng.internal.invokers.TestInvoker$MethodInvocationAgent.invoke(TestInvoker.java:995)
	at org.testng.internal.invokers.TestInvoker.invokeTestMethods(TestInvoker.java:203)
	at org.testng.internal.invokers.TestMethodWorker.invokeTestMethods(TestMethodWorker.java:154)
	at org.testng.internal.invokers.TestMethodWorker.run(TestMethodWorker.java:134)
	at java.base/java.util.ArrayList.forEach(ArrayList.java:1597)
	at org.testng.TestRunner.privateRun(TestRunner.java:741)
	at org.testng.TestRunner.run(TestRunner.java:616)
	at org.testng.SuiteRunner.runTest(SuiteRunner.java:421)
	at org.testng.SuiteRunner.runSequentially(SuiteRunner.java:413)
	at org.testng.SuiteRunner.privateRun(SuiteRunner.java:373)
	at org.testng.SuiteRunner.run(SuiteRunner.java:312)
	at org.testng.SuiteRunnerWorker.runSuite(SuiteRunnerWorker.java:52)
	at org.testng.SuiteRunnerWorker.run(SuiteRunnerWorker.java:95)
	at org.testng.TestNG.runSuitesSequentially(TestNG.java:1274)
	at org.testng.TestNG.runSuitesLocally(TestNG.java:1208)
	at org.testng.TestNG.runSuites(TestNG.java:1112)
	at org.testng.TestNG.run(TestNG.java:1079)
	at org.testng.remote.AbstractRemoteTestNG.run(AbstractRemoteTestNG.java:115)
	at org.testng.remote.RemoteTestNG.initAndRun(RemoteTestNG.java:293)
	at org.testng.remote.RemoteTestNG.main(RemoteTestNG.java:91)
</pre></div></td>
<td>8</td>
<td>com.TestNG.Day15_1_isSelected@6a6cb05c</td></tr>
<tr>
<td title='com.TestNG.Day13_0_validation_testcase.url_validation()'><b>url_validation</b><br>Test class: com.TestNG.Day13_0_validation_testcase</td>
<td><div><pre>java.lang.AssertionError: ----  Sorry Yout url is not validate ---- expected [https://practicetestautomation.com/practice-test-login/admin] but found [https://practicetestautomation.com/logged-in-successfully/]
	at com.TestNG.Day13_0_validation_testcase.url_validation(Day13_0_validation_testcase.java:76)
	at java.base/java.util.ArrayList.forEach(ArrayList.java:1597)
... Removed 30 stack frames</pre></div><a href='#' onClick='toggleBox("stack-trace930089183", this, "Click to show all stack frames", "Click to hide stack frames")'>Click to show all stack frames</a>
<div class='stack-trace' id='stack-trace930089183'><pre>java.lang.AssertionError: ----  Sorry Yout url is not validate ---- expected [https://practicetestautomation.com/practice-test-login/admin] but found [https://practicetestautomation.com/logged-in-successfully/]
	at org.testng.Assert.fail(Assert.java:111)
	at org.testng.Assert.failNotEquals(Assert.java:1590)
	at org.testng.Assert.assertEqualsImpl(Assert.java:150)
	at org.testng.Assert.assertEquals(Assert.java:132)
	at org.testng.Assert.assertEquals(Assert.java:656)
	at com.TestNG.Day13_0_validation_testcase.url_validation(Day13_0_validation_testcase.java:76)
	at java.base/jdk.internal.reflect.DirectMethodHandleAccessor.invoke(DirectMethodHandleAccessor.java:103)
	at java.base/java.lang.reflect.Method.invoke(Method.java:580)
	at org.testng.internal.invokers.MethodInvocationHelper.invokeMethod(MethodInvocationHelper.java:141)
	at org.testng.internal.invokers.TestInvoker.invokeMethod(TestInvoker.java:687)
	at org.testng.internal.invokers.TestInvoker.invokeTestMethod(TestInvoker.java:230)
	at org.testng.internal.invokers.MethodRunner.runInSequence(MethodRunner.java:63)
	at org.testng.internal.invokers.TestInvoker$MethodInvocationAgent.invoke(TestInvoker.java:995)
	at org.testng.internal.invokers.TestInvoker.invokeTestMethods(TestInvoker.java:203)
	at org.testng.internal.invokers.TestMethodWorker.invokeTestMethods(TestMethodWorker.java:154)
	at org.testng.internal.invokers.TestMethodWorker.run(TestMethodWorker.java:134)
	at java.base/java.util.ArrayList.forEach(ArrayList.java:1597)
	at org.testng.TestRunner.privateRun(TestRunner.java:741)
	at org.testng.TestRunner.run(TestRunner.java:616)
	at org.testng.SuiteRunner.runTest(SuiteRunner.java:421)
	at org.testng.SuiteRunner.runSequentially(SuiteRunner.java:413)
	at org.testng.SuiteRunner.privateRun(SuiteRunner.java:373)
	at org.testng.SuiteRunner.run(SuiteRunner.java:312)
	at org.testng.SuiteRunnerWorker.runSuite(SuiteRunnerWorker.java:52)
	at org.testng.SuiteRunnerWorker.run(SuiteRunnerWorker.java:95)
	at org.testng.TestNG.runSuitesSequentially(TestNG.java:1274)
	at org.testng.TestNG.runSuitesLocally(TestNG.java:1208)
	at org.testng.TestNG.runSuites(TestNG.java:1112)
	at org.testng.TestNG.run(TestNG.java:1079)
	at org.testng.remote.AbstractRemoteTestNG.run(AbstractRemoteTestNG.java:115)
	at org.testng.remote.RemoteTestNG.initAndRun(RemoteTestNG.java:293)
	at org.testng.remote.RemoteTestNG.main(RemoteTestNG.java:91)
</pre></div></td>
<td>7</td>
<td>com.TestNG.Day13_0_validation_testcase@815b41f</td></tr>
</table><p>
<table width='100%' border='1' class='invocation-passed'>
<tr><td colspan='4' align='center'><b>PASSED TESTS</b></td></tr>
<tr><td><b>Test method</b></td>
<td><b>Attribute(s)</b></td>
<td width="30%"><b>Exception</b></td>
<td width="10%"><b>Time (seconds)</b></td>
<td><b>Instance</b></td>
</tr>
<tr>
<td title='com.TestNG.Day12_3_dependsonmethod.search()'><b>search</b><br>Test class: com.TestNG.Day12_3_dependsonmethod</td>
<td></td>
<td>0</td>
<td>com.TestNG.Day12_3_dependsonmethod@7586beff</td></tr>
<tr>
<td title='com.TestNG.Day12_7_description.loggedIn()'><b>loggedIn</b><br>Test class: com.TestNG.Day12_7_description</td>
<td></td>
<td>0</td>
<td>com.TestNG.Day12_7_description@3b69e7d1</td></tr>
<tr>
<td title='com.TestNG.Day15_0_isEnable.register()'><b>register</b><br>Test class: com.TestNG.Day15_0_isEnable</td>
<td></td>
<td>10</td>
<td>com.TestNG.Day15_0_isEnable@702657cc</td></tr>
<tr>
<td title='com.TestNG.Day12_2enable.search()'><b>search</b><br>Test class: com.TestNG.Day12_2enable</td>
<td></td>
<td>0</td>
<td>com.TestNG.Day12_2enable@5b12b668</td></tr>
<tr>
<td title='com.TestNG.Day12_8_group.register()'><b>register</b><br>Test class: com.TestNG.Day12_8_group</td>
<td></td>
<td>0</td>
<td>com.TestNG.Day12_8_group@5542c4ed</td></tr>
<tr>
<td title='com.TestNG.Day12_6_InvocationCount.loggedIn()'><b>loggedIn</b><br>Test class: com.TestNG.Day12_6_InvocationCount</td>
<td></td>
<td>0</td>
<td>com.TestNG.Day12_6_InvocationCount@22ff4249</td></tr>
<tr>
<td title='com.TestNG.Day12_0TestNG_Attributes.search()'><b>search</b><br>Test class: com.TestNG.Day12_0TestNG_Attributes</td>
<td></td>
<td>0</td>
<td>com.TestNG.Day12_0TestNG_Attributes@327514f</td></tr>
<tr>
<td title='com.TestNG.Day12_2enable.register()'><b>register</b><br>Test class: com.TestNG.Day12_2enable</td>
<td></td>
<td>0</td>
<td>com.TestNG.Day12_2enable@5b12b668</td></tr>
<tr>
<td title='com.TestNG.Day12_8_group.display()'><b>display</b><br>Test class: com.TestNG.Day12_8_group</td>
<td></td>
<td>0</td>
<td>com.TestNG.Day12_8_group@5542c4ed</td></tr>
<tr>
<td title='com.TestNG.Day12_1Attribute_Priority.display()'><b>display</b><br>Test class: com.TestNG.Day12_1Attribute_Priority</td>
<td></td>
<td>0</td>
<td>com.TestNG.Day12_1Attribute_Priority@4c12331b</td></tr>
<tr>
<td title='com.TestNG.Day12_7_description.search()'><b>search</b><br>Test class: com.TestNG.Day12_7_description<br>Test method: This is search method</td>
<td></td>
<td>0</td>
<td>com.TestNG.Day12_7_description@3b69e7d1</td></tr>
<tr>
<td title='com.TestNG.Day12_6_InvocationCount.display()'><b>display</b><br>Test class: com.TestNG.Day12_6_InvocationCount</td>
<td></td>
<td>0</td>
<td>com.TestNG.Day12_6_InvocationCount@22ff4249</td></tr>
<tr>
<td title='com.TestNG.Day12_1Attribute_Priority.loggedIn()'><b>loggedIn</b><br>Test class: com.TestNG.Day12_1Attribute_Priority</td>
<td></td>
<td>0</td>
<td>com.TestNG.Day12_1Attribute_Priority@4c12331b</td></tr>
<tr>
<td title='com.TestNG.Day12_1Attribute_Priority.logout()'><b>logout</b><br>Test class: com.TestNG.Day12_1Attribute_Priority</td>
<td></td>
<td>0</td>
<td>com.TestNG.Day12_1Attribute_Priority@4c12331b</td></tr>
<tr>
<td title='com.TestNG.Day12_2enable.logout()'><b>logout</b><br>Test class: com.TestNG.Day12_2enable</td>
<td></td>
<td>0</td>
<td>com.TestNG.Day12_2enable@5b12b668</td></tr>
<tr>
<td title='com.TestNG.Day12_4_alwaysRun.search()'><b>search</b><br>Test class: com.TestNG.Day12_4_alwaysRun</td>
<td></td>
<td>0</td>
<td>com.TestNG.Day12_4_alwaysRun@292b08d6</td></tr>
<tr>
<td title='com.TestNG.Day12_8_group.search()'><b>search</b><br>Test class: com.TestNG.Day12_8_group</td>
<td></td>
<td>0</td>
<td>com.TestNG.Day12_8_group@5542c4ed</td></tr>
<tr>
<td title='com.TestNG.Day12_6_InvocationCount.register()'><b>register</b><br>Test class: com.TestNG.Day12_6_InvocationCount</td>
<td></td>
<td>0</td>
<td>com.TestNG.Day12_6_InvocationCount@22ff4249</td></tr>
<tr>
<td title='com.TestNG.Day13_1_Practice.validateRegistrationForm()'><b>validateRegistrationForm</b><br>Test class: com.TestNG.Day13_1_Practice</td>
<td></td>
<td>17</td>
<td>com.TestNG.Day13_1_Practice@6025e1b6</td></tr>
<tr>
<td title='com.TestNG.Day12_3_dependsonmethod.display()'><b>display</b><br>Test class: com.TestNG.Day12_3_dependsonmethod</td>
<td></td>
<td>0</td>
<td>com.TestNG.Day12_3_dependsonmethod@7586beff</td></tr>
<tr>
<td title='com.TestNG.Day12_8_group.logout()'><b>logout</b><br>Test class: com.TestNG.Day12_8_group</td>
<td></td>
<td>0</td>
<td>com.TestNG.Day12_8_group@5542c4ed</td></tr>
<tr>
<td title='com.TestNG.Day12_5_TimeOut.display()'><b>display</b><br>Test class: com.TestNG.Day12_5_TimeOut</td>
<td></td>
<td>0</td>
<td>com.TestNG.Day12_5_TimeOut@1165b38</td></tr>
<tr>
<td title='com.TestNG.Day12_1Attribute_Priority.register()'><b>register</b><br>Test class: com.TestNG.Day12_1Attribute_Priority</td>
<td></td>
<td>0</td>
<td>com.TestNG.Day12_1Attribute_Priority@4c12331b</td></tr>
<tr>
<td title='com.TestNG.Day12_7_description.display()'><b>display</b><br>Test class: com.TestNG.Day12_7_description</td>
<td></td>
<td>0</td>
<td>com.TestNG.Day12_7_description@3b69e7d1</td></tr>
<tr>
<td title='com.TestNG.Day12_3_dependsonmethod.logout()'><b>logout</b><br>Test class: com.TestNG.Day12_3_dependsonmethod</td>
<td></td>
<td>0</td>
<td>com.TestNG.Day12_3_dependsonmethod@7586beff</td></tr>
<tr>
<td title='com.TestNG.Day12_2enable.loggedIn()'><b>loggedIn</b><br>Test class: com.TestNG.Day12_2enable</td>
<td></td>
<td>0</td>
<td>com.TestNG.Day12_2enable@5b12b668</td></tr>
<tr>
<td title='com.TestNG.Day12_7_description.register()'><b>register</b><br>Test class: com.TestNG.Day12_7_description</td>
<td></td>
<td>0</td>
<td>com.TestNG.Day12_7_description@3b69e7d1</td></tr>
<tr>
<td title='com.TestNG.Day12_6_InvocationCount.logout()'><b>logout</b><br>Test class: com.TestNG.Day12_6_InvocationCount</td>
<td></td>
<td>0</td>
<td>com.TestNG.Day12_6_InvocationCount@22ff4249</td></tr>
<tr>
<td title='com.TestNG.Day12_0TestNG_Attributes.display()'><b>display</b><br>Test class: com.TestNG.Day12_0TestNG_Attributes</td>
<td></td>
<td>0</td>
<td>com.TestNG.Day12_0TestNG_Attributes@327514f</td></tr>
<tr>
<td title='com.TestNG.Day12_0TestNG_Attributes.register()'><b>register</b><br>Test class: com.TestNG.Day12_0TestNG_Attributes</td>
<td></td>
<td>0</td>
<td>com.TestNG.Day12_0TestNG_Attributes@327514f</td></tr>
<tr>
<td title='com.TestNG.Day12_5_TimeOut.register()'><b>register</b><br>Test class: com.TestNG.Day12_5_TimeOut</td>
<td></td>
<td>0</td>
<td>com.TestNG.Day12_5_TimeOut@1165b38</td></tr>
<tr>
<td title='com.TestNG.Day14_0_TestCaseValidation.testcase()'><b>testcase</b><br>Test class: com.TestNG.Day14_0_TestCaseValidation</td>
<td></td>
<td>7</td>
<td>com.TestNG.Day14_0_TestCaseValidation@40a4337a</td></tr>
<tr>
<td title='com.TestNG.Day12_4_alwaysRun.logout()'><b>logout</b><br>Test class: com.TestNG.Day12_4_alwaysRun</td>
<td></td>
<td>0</td>
<td>com.TestNG.Day12_4_alwaysRun@292b08d6</td></tr>
<tr>
<td title='com.TestNG.Day15_2_getPageSource.register()'><b>register</b><br>Test class: com.TestNG.Day15_2_getPageSource</td>
<td></td>
<td>27</td>
<td>com.TestNG.Day15_2_getPageSource@4c402120</td></tr>
<tr>
<td title='com.TestNG.Day12_5_TimeOut.logout()'><b>logout</b><br>Test class: com.TestNG.Day12_5_TimeOut</td>
<td></td>
<td>0</td>
<td>com.TestNG.Day12_5_TimeOut@1165b38</td></tr>
<tr>
<td title='com.TestNG.Day12_7_description.logout()'><b>logout</b><br>Test class: com.TestNG.Day12_7_description<br>Test method: Logged out method</td>
<td></td>
<td>0</td>
<td>com.TestNG.Day12_7_description@3b69e7d1</td></tr>
<tr>
<td title='com.TestNG.Day12_3_dependsonmethod.register()'><b>register</b><br>Test class: com.TestNG.Day12_3_dependsonmethod</td>
<td></td>
<td>0</td>
<td>com.TestNG.Day12_3_dependsonmethod@7586beff</td></tr>
<tr>
<td title='com.TestNG.Day12_1Attribute_Priority.search()'><b>search</b><br>Test class: com.TestNG.Day12_1Attribute_Priority</td>
<td></td>
<td>0</td>
<td>com.TestNG.Day12_1Attribute_Priority@4c12331b</td></tr>
<tr>
<td title='com.TestNG.Day12_3_dependsonmethod.loggedIn()'><b>loggedIn</b><br>Test class: com.TestNG.Day12_3_dependsonmethod</td>
<td></td>
<td>0</td>
<td>com.TestNG.Day12_3_dependsonmethod@7586beff</td></tr>
<tr>
<td title='com.TestNG.Day12_5_TimeOut.loggedIn()'><b>loggedIn</b><br>Test class: com.TestNG.Day12_5_TimeOut</td>
<td></td>
<td>0</td>
<td>com.TestNG.Day12_5_TimeOut@1165b38</td></tr>
<tr>
<td title='com.TestNG.Day12_6_InvocationCount.search()'><b>search</b><br>Test class: com.TestNG.Day12_6_InvocationCount</td>
<td></td>
<td>0</td>
<td>com.TestNG.Day12_6_InvocationCount@22ff4249</td></tr>
<tr>
<td title='com.TestNG.Day14_1_TestCaseValidation.testcase()'><b>testcase</b><br>Test class: com.TestNG.Day14_1_TestCaseValidation</td>
<td></td>
<td>9</td>
<td>com.TestNG.Day14_1_TestCaseValidation@2d1ef81a</td></tr>
<tr>
<td title='com.TestNG.Day12_5_TimeOut.search()'><b>search</b><br>Test class: com.TestNG.Day12_5_TimeOut</td>
<td></td>
<td>0</td>
<td>com.TestNG.Day12_5_TimeOut@1165b38</td></tr>
<tr>
<td title='com.TestNG.Day12_6_InvocationCount.display()'><b>display</b><br>Test class: com.TestNG.Day12_6_InvocationCount</td>
<td></td>
<td>0</td>
<td>com.TestNG.Day12_6_InvocationCount@22ff4249</td></tr>
<tr>
<td title='com.TestNG.Day12_8_group.loggedIn()'><b>loggedIn</b><br>Test class: com.TestNG.Day12_8_group</td>
<td></td>
<td>0</td>
<td>com.TestNG.Day12_8_group@5542c4ed</td></tr>
</table><p>
</body>
</html>