<?xml version="1.0" encoding="UTF-8"?>
<!-- Generated by org.testng.reporters.JUnitXMLReporter -->
<testsuite ignored="9" hostname="DESKTOP-E4QNE7I" failures="5" tests="50" name="Test" time="137.532" errors="0" timestamp="2026-01-16T16:02:34 IST">
  <testcase classname="com.TestNG.Day12_4_alwaysRun" name="logout" time="0.012"/>
  <testcase classname="com.TestNG.Day15_3_Practice" name="login" time="25.755">
    <failure type="org.openqa.selenium.NoSuchElementException" message="no such element: Unable to locate element: {&amp;quot;method&amp;quot;:&amp;quot;css selector&amp;quot;,&amp;quot;selector&amp;quot;:&amp;quot;#loginform &amp;gt; div:nth-child(13) &amp;gt; div._9ay7&amp;quot;}
  (Session info: chrome=142.0.7444.177)
For documentation on this error, please visit: https://www.selenium.dev/documentation/webdriver/troubleshooting/errors#nosuchelementexception
Build info: version: &amp;apos;4.38.0&amp;apos;, revision: &amp;apos;6b412e825c*&amp;apos;
System info: os.name: &amp;apos;Windows 11&amp;apos;, os.arch: &amp;apos;amd64&amp;apos;, os.version: &amp;apos;10.0&amp;apos;, java.version: &amp;apos;22.0.2&amp;apos;
Driver info: org.openqa.selenium.chrome.ChromeDriver
Command: [63582261338a6f8531a61b2b69761878, findElement {using=css selector, value=#loginform &amp;gt; div:nth-child(13) &amp;gt; div._9ay7}]
Capabilities {acceptInsecureCerts: false, browserName: chrome, browserVersion: 142.0.7444.177, chrome: {chromedriverVersion: 142.0.7444.175 (302067f14a4..., userDataDir: C:\WINDOWS\SystemTemp\scope...}, fedcm:accounts: true, goog:chromeOptions: {debuggerAddress: localhost:64197}, goog:processID: 15864, networkConnectionEnabled: false, pageLoadStrategy: normal, platformName: windows, proxy: Proxy(), se:cdp: ws://localhost:64197/devtoo..., se:cdpVersion: 142.0.7444.177, setWindowRect: true, strictFileInteractability: false, timeouts: {implicit: 0, pageLoad: 300000, script: 30000}, unhandledPromptBehavior: dismiss and notify, webauthn:extension:credBlob: true, webauthn:extension:largeBlob: true, webauthn:extension:minPinLength: true, webauthn:extension:prf: true, webauthn:virtualAuthenticators: true}
Session ID: 63582261338a6f8531a61b2b69761878">
      <![CDATA[org.openqa.selenium.NoSuchElementException: no such element: Unable to locate element: {"method":"css selector","selector":"#loginform > div:nth-child(13) > div._9ay7"}
  (Session info: chrome=142.0.7444.177)
For documentation on this error, please visit: https://www.selenium.dev/documentation/webdriver/troubleshooting/errors#nosuchelementexception
Build info: version: '4.38.0', revision: '6b412e825c*'
System info: os.name: 'Windows 11', os.arch: 'amd64', os.version: '10.0', java.version: '22.0.2'
Driver info: org.openqa.selenium.chrome.ChromeDriver
Command: [63582261338a6f8531a61b2b69761878, findElement {using=css selector, value=#loginform > div:nth-child(13) > div._9ay7}]
Capabilities {acceptInsecureCerts: false, browserName: chrome, browserVersion: 142.0.7444.177, chrome: {chromedriverVersion: 142.0.7444.175 (302067f14a4..., userDataDir: C:\WINDOWS\SystemTemp\scope...}, fedcm:accounts: true, goog:chromeOptions: {debuggerAddress: localhost:64197}, goog:processID: 15864, networkConnectionEnabled: false, pageLoadStrategy: normal, platformName: windows, proxy: Proxy(), se:cdp: ws://localhost:64197/devtoo..., se:cdpVersion: 142.0.7444.177, setWindowRect: true, strictFileInteractability: false, timeouts: {implicit: 0, pageLoad: 300000, script: 30000}, unhandledPromptBehavior: dismiss and notify, webauthn:extension:credBlob: true, webauthn:extension:largeBlob: true, webauthn:extension:minPinLength: true, webauthn:extension:prf: true, webauthn:virtualAuthenticators: true}
Session ID: 63582261338a6f8531a61b2b69761878
at org.openqa.selenium.remote.ErrorCodec.decode(ErrorCodec.java:167)
at org.openqa.selenium.remote.codec.w3c.W3CHttpResponseCodec.decode(W3CHttpResponseCodec.java:138)
at org.openqa.selenium.remote.codec.w3c.W3CHttpResponseCodec.decode(W3CHttpResponseCodec.java:50)
at org.openqa.selenium.remote.HttpCommandExecutor.execute(HttpCommandExecutor.java:215)
at org.openqa.selenium.remote.service.DriverCommandExecutor.invokeExecute(DriverCommandExecutor.java:216)
at org.openqa.selenium.remote.service.DriverCommandExecutor.execute(DriverCommandExecutor.java:174)
at org.openqa.selenium.remote.RemoteWebDriver.execute(RemoteWebDriver.java:557)
at org.openqa.selenium.remote.ElementLocation$ElementFinder$2.findElement(ElementLocation.java:165)
at org.openqa.selenium.remote.ElementLocation.findElement(ElementLocation.java:59)
at org.openqa.selenium.remote.RemoteWebDriver.findElement(RemoteWebDriver.java:380)
at org.openqa.selenium.remote.RemoteWebDriver.findElement(RemoteWebDriver.java:374)
at com.TestNG.Day15_3_Practice.login(Day15_3_Practice.java:34)
at java.base/java.util.ArrayList.forEach(ArrayList.java:1597)
... Removed 28 stack frames]]>
    </failure>
  </testcase> <!-- login -->
  <testcase classname="com.TestNG.Day15_0_isEnable" name="register" time="10.476"/>
  <testcase classname="com.TestNG.Day15_1_isSelected" name="register" time="8.218">
    <failure type="org.openqa.selenium.NoSuchElementException" message="no such element: Unable to locate element: {&amp;quot;method&amp;quot;:&amp;quot;xpath&amp;quot;,&amp;quot;selector&amp;quot;:&amp;quot;//input[@value=&amp;apos;C&amp;apos;]&amp;quot;}
  (Session info: chrome=142.0.7444.177)
For documentation on this error, please visit: https://www.selenium.dev/documentation/webdriver/troubleshooting/errors#nosuchelementexception
Build info: version: &amp;apos;4.38.0&amp;apos;, revision: &amp;apos;6b412e825c*&amp;apos;
System info: os.name: &amp;apos;Windows 11&amp;apos;, os.arch: &amp;apos;amd64&amp;apos;, os.version: &amp;apos;10.0&amp;apos;, java.version: &amp;apos;22.0.2&amp;apos;
Driver info: org.openqa.selenium.chrome.ChromeDriver
Command: [39a3b60d3f3c5f366e36e6148ac1ba44, findElement {using=xpath, value=//input[@value=&amp;apos;C&amp;apos;]}]
Capabilities {acceptInsecureCerts: false, browserName: chrome, browserVersion: 142.0.7444.177, chrome: {chromedriverVersion: 142.0.7444.175 (302067f14a4..., userDataDir: C:\WINDOWS\SystemTemp\scope...}, fedcm:accounts: true, goog:chromeOptions: {debuggerAddress: localhost:52369}, goog:processID: 4744, networkConnectionEnabled: false, pageLoadStrategy: normal, platformName: windows, proxy: Proxy(), se:cdp: ws://localhost:52369/devtoo..., se:cdpVersion: 142.0.7444.177, setWindowRect: true, strictFileInteractability: false, timeouts: {implicit: 0, pageLoad: 300000, script: 30000}, unhandledPromptBehavior: dismiss and notify, webauthn:extension:credBlob: true, webauthn:extension:largeBlob: true, webauthn:extension:minPinLength: true, webauthn:extension:prf: true, webauthn:virtualAuthenticators: true}
Session ID: 39a3b60d3f3c5f366e36e6148ac1ba44">
      <![CDATA[org.openqa.selenium.NoSuchElementException: no such element: Unable to locate element: {"method":"xpath","selector":"//input[@value='C']"}
  (Session info: chrome=142.0.7444.177)
For documentation on this error, please visit: https://www.selenium.dev/documentation/webdriver/troubleshooting/errors#nosuchelementexception
Build info: version: '4.38.0', revision: '6b412e825c*'
System info: os.name: 'Windows 11', os.arch: 'amd64', os.version: '10.0', java.version: '22.0.2'
Driver info: org.openqa.selenium.chrome.ChromeDriver
Command: [39a3b60d3f3c5f366e36e6148ac1ba44, findElement {using=xpath, value=//input[@value='C']}]
Capabilities {acceptInsecureCerts: false, browserName: chrome, browserVersion: 142.0.7444.177, chrome: {chromedriverVersion: 142.0.7444.175 (302067f14a4..., userDataDir: C:\WINDOWS\SystemTemp\scope...}, fedcm:accounts: true, goog:chromeOptions: {debuggerAddress: localhost:52369}, goog:processID: 4744, networkConnectionEnabled: false, pageLoadStrategy: normal, platformName: windows, proxy: Proxy(), se:cdp: ws://localhost:52369/devtoo..., se:cdpVersion: 142.0.7444.177, setWindowRect: true, strictFileInteractability: false, timeouts: {implicit: 0, pageLoad: 300000, script: 30000}, unhandledPromptBehavior: dismiss and notify, webauthn:extension:credBlob: true, webauthn:extension:largeBlob: true, webauthn:extension:minPinLength: true, webauthn:extension:prf: true, webauthn:virtualAuthenticators: true}
Session ID: 39a3b60d3f3c5f366e36e6148ac1ba44
at org.openqa.selenium.remote.ErrorCodec.decode(ErrorCodec.java:167)
at org.openqa.selenium.remote.codec.w3c.W3CHttpResponseCodec.decode(W3CHttpResponseCodec.java:138)
at org.openqa.selenium.remote.codec.w3c.W3CHttpResponseCodec.decode(W3CHttpResponseCodec.java:50)
at org.openqa.selenium.remote.HttpCommandExecutor.execute(HttpCommandExecutor.java:215)
at org.openqa.selenium.remote.service.DriverCommandExecutor.invokeExecute(DriverCommandExecutor.java:216)
at org.openqa.selenium.remote.service.DriverCommandExecutor.execute(DriverCommandExecutor.java:174)
at org.openqa.selenium.remote.RemoteWebDriver.execute(RemoteWebDriver.java:557)
at org.openqa.selenium.remote.ElementLocation$ElementFinder$2.findElement(ElementLocation.java:165)
at org.openqa.selenium.remote.ElementLocation.findElement(ElementLocation.java:59)
at org.openqa.selenium.remote.RemoteWebDriver.findElement(RemoteWebDriver.java:380)
at org.openqa.selenium.remote.RemoteWebDriver.findElement(RemoteWebDriver.java:374)
at com.TestNG.Day15_1_isSelected.register(Day15_1_isSelected.java:59)
at java.base/java.util.ArrayList.forEach(ArrayList.java:1597)
... Removed 28 stack frames]]>
    </failure>
  </testcase> <!-- register -->
  <testcase classname="com.TestNG.Day14_0_TestCaseValidation" name="testcase" time="7.998"/>
  <testcase classname="com.TestNG.Day13_1_Practice" name="validateRegistrationForm" time="17.858"/>
  <testcase classname="com.TestNG.Day12_6_InvocationCount" name="loggedIn" time="0.003"/>
  <testcase classname="com.TestNG.Day12_6_InvocationCount" name="logout" time="0.001"/>
  <testcase classname="com.TestNG.Day12_6_InvocationCount" name="display" time="0.0"/>
  <testcase classname="com.TestNG.Day12_6_InvocationCount" name="display" time="0.002"/>
  <testcase classname="com.TestNG.Day12_6_InvocationCount" name="search" time="0.0"/>
  <testcase classname="com.TestNG.Day12_6_InvocationCount" name="register" time="0.005"/>
  <testcase classname="com.TestNG.Day14_1_TestCaseValidation" name="testcase" time="9.496"/>
  <testcase classname="com.TestNG.Day15_2_getPageSource" name="register" time="27.752"/>
  <testcase classname="com.TestNG.Day12_0TestNG_Attributes" name="display" time="0.006"/>
  <testcase classname="com.TestNG.Day12_0TestNG_Attributes" name="register" time="0.004"/>
  <testcase classname="com.TestNG.Day12_0TestNG_Attributes" name="search" time="0.006"/>
  <testcase classname="com.TestNG.Day12_2enable" name="loggedIn" time="0.003"/>
  <testcase classname="com.TestNG.Day12_2enable" name="logout" time="0.007"/>
  <testcase classname="com.TestNG.Day12_2enable" name="search" time="0.004"/>
  <testcase classname="com.TestNG.Day12_2enable" name="register" time="0.002"/>
  <testcase classname="com.TestNG.Day12_5_TimeOut" name="loggedIn" time="0.003"/>
  <testcase classname="com.TestNG.Day12_5_TimeOut" name="logout" time="0.0"/>
  <testcase classname="com.TestNG.Day12_5_TimeOut" name="display" time="0.01"/>
  <testcase classname="com.TestNG.Day12_4_alwaysRun" name="search" time="0.004"/>
  <testcase classname="com.TestNG.Day12_5_TimeOut" name="search" time="0.005"/>
  <testcase classname="com.TestNG.Day12_5_TimeOut" name="register" time="0.005"/>
  <testcase classname="com.TestNG.Day12_1Attribute_Priority" name="loggedIn" time="0.004"/>
  <testcase classname="com.TestNG.Day12_1Attribute_Priority" name="logout" time="0.002"/>
  <testcase classname="com.TestNG.Day12_1Attribute_Priority" name="display" time="0.0"/>
  <testcase classname="com.TestNG.Day12_1Attribute_Priority" name="search" time="0.001"/>
  <testcase classname="com.TestNG.Day12_1Attribute_Priority" name="register" time="0.0"/>
  <testcase classname="com.TestNG.Day12_3_dependsonmethod" name="loggedIn" time="0.003"/>
  <testcase classname="com.TestNG.Day12_3_dependsonmethod" name="logout" time="0.004"/>
  <testcase classname="com.TestNG.Day12_3_dependsonmethod" name="display" time="0.0"/>
  <testcase classname="com.TestNG.Day12_3_dependsonmethod" name="search" time="0.0"/>
  <testcase classname="com.TestNG.Day12_3_dependsonmethod" name="register" time="0.003"/>
  <testcase classname="com.TestNG.Day12_7_description" name="loggedIn" time="0.0"/>
  <testcase classname="com.TestNG.Day12_7_description" name="logout" time="0.0"/>
  <testcase classname="com.TestNG.Day12_7_description" name="display" time="0.0"/>
  <testcase classname="com.TestNG.Day12_7_description" name="search" time="0.004"/>
  <testcase classname="com.TestNG.Day12_7_description" name="register" time="0.002"/>
  <testcase classname="com.TestNG.Day13_0_validation_testcase" name="title_validation" time="12.333">
    <failure type="java.lang.AssertionError" message="----  Sorry But title Is not validate ---- expected [Login Success] but found [Logged In Successfully | Practice Test Automation]">
      <![CDATA[java.lang.AssertionError: ----  Sorry But title Is not validate ---- expected [Login Success] but found [Logged In Successfully | Practice Test Automation]
at com.TestNG.Day13_0_validation_testcase.title_validation(Day13_0_validation_testcase.java:52)
at java.base/java.util.ArrayList.forEach(ArrayList.java:1597)
... Removed 30 stack frames]]>
    </failure>
  </testcase> <!-- title_validation -->
  <testcase classname="com.TestNG.Day13_0_validation_testcase" name="url_validation" time="7.421">
    <failure type="java.lang.AssertionError" message="----  Sorry Yout url is not validate ---- expected [https://practicetestautomation.com/practice-test-login/admin] but found [https://practicetestautomation.com/logged-in-successfully/]">
      <![CDATA[java.lang.AssertionError: ----  Sorry Yout url is not validate ---- expected [https://practicetestautomation.com/practice-test-login/admin] but found [https://practicetestautomation.com/logged-in-successfully/]
at com.TestNG.Day13_0_validation_testcase.url_validation(Day13_0_validation_testcase.java:76)
at java.base/java.util.ArrayList.forEach(ArrayList.java:1597)
... Removed 30 stack frames]]>
    </failure>
  </testcase> <!-- url_validation -->
  <testcase classname="com.TestNG.Day13_0_validation_testcase" name="heading_validation" time="9.782">
    <failure type="org.openqa.selenium.NoSuchElementException" message="no such element: Unable to locate element: {&amp;quot;method&amp;quot;:&amp;quot;tag name&amp;quot;,&amp;quot;selector&amp;quot;:&amp;quot;h3&amp;quot;}
  (Session info: chrome=142.0.7444.177)
For documentation on this error, please visit: https://www.selenium.dev/documentation/webdriver/troubleshooting/errors#nosuchelementexception
Build info: version: &amp;apos;4.38.0&amp;apos;, revision: &amp;apos;6b412e825c*&amp;apos;
System info: os.name: &amp;apos;Windows 11&amp;apos;, os.arch: &amp;apos;amd64&amp;apos;, os.version: &amp;apos;10.0&amp;apos;, java.version: &amp;apos;22.0.2&amp;apos;
Driver info: org.openqa.selenium.chrome.ChromeDriver
Command: [6bf8f45a4874710d43b95a1ce0378134, findElement {using=tag name, value=h3}]
Capabilities {acceptInsecureCerts: false, browserName: chrome, browserVersion: 142.0.7444.177, chrome: {chromedriverVersion: 142.0.7444.175 (302067f14a4..., userDataDir: C:\WINDOWS\SystemTemp\scope...}, fedcm:accounts: true, goog:chromeOptions: {debuggerAddress: localhost:58832}, goog:processID: 9500, networkConnectionEnabled: false, pageLoadStrategy: normal, platformName: windows, proxy: Proxy(), se:cdp: ws://localhost:58832/devtoo..., se:cdpVersion: 142.0.7444.177, setWindowRect: true, strictFileInteractability: false, timeouts: {implicit: 0, pageLoad: 300000, script: 30000}, unhandledPromptBehavior: dismiss and notify, webauthn:extension:credBlob: true, webauthn:extension:largeBlob: true, webauthn:extension:minPinLength: true, webauthn:extension:prf: true, webauthn:virtualAuthenticators: true}
Session ID: 6bf8f45a4874710d43b95a1ce0378134">
      <![CDATA[org.openqa.selenium.NoSuchElementException: no such element: Unable to locate element: {"method":"tag name","selector":"h3"}
  (Session info: chrome=142.0.7444.177)
For documentation on this error, please visit: https://www.selenium.dev/documentation/webdriver/troubleshooting/errors#nosuchelementexception
Build info: version: '4.38.0', revision: '6b412e825c*'
System info: os.name: 'Windows 11', os.arch: 'amd64', os.version: '10.0', java.version: '22.0.2'
Driver info: org.openqa.selenium.chrome.ChromeDriver
Command: [6bf8f45a4874710d43b95a1ce0378134, findElement {using=tag name, value=h3}]
Capabilities {acceptInsecureCerts: false, browserName: chrome, browserVersion: 142.0.7444.177, chrome: {chromedriverVersion: 142.0.7444.175 (302067f14a4..., userDataDir: C:\WINDOWS\SystemTemp\scope...}, fedcm:accounts: true, goog:chromeOptions: {debuggerAddress: localhost:58832}, goog:processID: 9500, networkConnectionEnabled: false, pageLoadStrategy: normal, platformName: windows, proxy: Proxy(), se:cdp: ws://localhost:58832/devtoo..., se:cdpVersion: 142.0.7444.177, setWindowRect: true, strictFileInteractability: false, timeouts: {implicit: 0, pageLoad: 300000, script: 30000}, unhandledPromptBehavior: dismiss and notify, webauthn:extension:credBlob: true, webauthn:extension:largeBlob: true, webauthn:extension:minPinLength: true, webauthn:extension:prf: true, webauthn:virtualAuthenticators: true}
Session ID: 6bf8f45a4874710d43b95a1ce0378134
at org.openqa.selenium.remote.ErrorCodec.decode(ErrorCodec.java:167)
at org.openqa.selenium.remote.codec.w3c.W3CHttpResponseCodec.decode(W3CHttpResponseCodec.java:138)
at org.openqa.selenium.remote.codec.w3c.W3CHttpResponseCodec.decode(W3CHttpResponseCodec.java:50)
at org.openqa.selenium.remote.HttpCommandExecutor.execute(HttpCommandExecutor.java:215)
at org.openqa.selenium.remote.service.DriverCommandExecutor.invokeExecute(DriverCommandExecutor.java:216)
at org.openqa.selenium.remote.service.DriverCommandExecutor.execute(DriverCommandExecutor.java:174)
at org.openqa.selenium.remote.RemoteWebDriver.execute(RemoteWebDriver.java:557)
at org.openqa.selenium.remote.ElementLocation$ElementFinder$2.findElement(ElementLocation.java:165)
at org.openqa.selenium.remote.ElementLocation.findElement(ElementLocation.java:59)
at org.openqa.selenium.remote.RemoteWebDriver.findElement(RemoteWebDriver.java:380)
at org.openqa.selenium.remote.RemoteWebDriver.findElement(RemoteWebDriver.java:374)
at com.TestNG.Day13_0_validation_testcase.heading_validation(Day13_0_validation_testcase.java:97)
at java.base/java.util.ArrayList.forEach(ArrayList.java:1597)
... Removed 28 stack frames]]>
    </failure>
  </testcase> <!-- heading_validation -->
  <testcase classname="com.TestNG.Day12_8_group" name="loggedIn" time="0.002"/>
  <testcase classname="com.TestNG.Day12_8_group" name="logout" time="0.004"/>
  <testcase classname="com.TestNG.Day12_8_group" name="display" time="0.004"/>
  <testcase classname="com.TestNG.Day12_8_group" name="search" time="0.003"/>
  <testcase classname="com.TestNG.Day12_8_group" name="register" time="0.003"/>
  <testcase classname="com.TestNG.Day12_4_alwaysRun" name="view" time="0.0">
    <ignored/>
  </testcase> <!-- view -->
  <testcase classname="com.TestNG.Day12_4_alwaysRun" name="register" time="0.0">
    <ignored/>
  </testcase> <!-- register -->
  <testcase classname="com.TestNG.Day12_2enable" name="display" time="0.0">
    <ignored/>
  </testcase> <!-- display -->
  <testcase classname="com.TestNG.Day12_5_TimeOut" name="view" time="0.0">
    <ignored/>
  </testcase> <!-- view -->
  <testcase classname="com.TestNG.Day12_2enable" name="view" time="0.0">
    <ignored/>
  </testcase> <!-- view -->
  <testcase classname="com.TestNG.Day12_6_InvocationCount" name="view" time="0.0">
    <ignored/>
  </testcase> <!-- view -->
  <testcase classname="com.TestNG.Day12_7_description" name="view" time="0.0">
    <ignored/>
  </testcase> <!-- view -->
  <testcase classname="com.TestNG.Day12_3_dependsonmethod" name="view" time="0.0">
    <ignored/>
  </testcase> <!-- view -->
  <testcase classname="com.TestNG.Day12_8_group" name="view" time="0.0">
    <ignored/>
  </testcase> <!-- view -->
</testsuite> <!-- Test -->
