<?xml version="1.0" encoding="UTF-8"?>
<testng-results ignored="0" total="1" passed="1" failed="0" skipped="0">
  <reporter-output>
  </reporter-output>
  <suite started-at="2026-01-22T17:52:11 IST" name="Default suite" finished-at="2026-01-22T17:52:17 IST" duration-ms="5714">
    <groups>
    </groups>
    <test started-at="2026-01-22T17:52:11 IST" name="Default test" finished-at="2026-01-22T17:52:17 IST" duration-ms="5714">
      <class name="com.TestNG.Day17_frame_2">
        <test-method is-config="true" signature="before()[pri:0, instance:com.TestNG.Day17_frame_2@408d971b]" started-at="2026-01-22T17:52:11 IST" name="before" finished-at="2026-01-22T17:52:16 IST" duration-ms="5337" status="PASS">
          <reporter-output>
          </reporter-output>
        </test-method> <!-- before -->
        <test-method signature="test()[pri:0, instance:com.TestNG.Day17_frame_2@408d971b]" started-at="2026-01-22T17:52:16 IST" name="test" finished-at="2026-01-22T17:52:16 IST" duration-ms="191" status="PASS">
          <reporter-output>
          </reporter-output>
        </test-method> <!-- test -->
        <test-method is-config="true" signature="end()[pri:0, instance:com.TestNG.Day17_frame_2@408d971b]" started-at="2026-01-22T17:52:16 IST" name="end" finished-at="2026-01-22T17:52:17 IST" duration-ms="145" status="PASS">
          <reporter-output>
          </reporter-output>
        </test-method> <!-- end -->
      </class> <!-- com.TestNG.Day17_frame_2 -->
    </test> <!-- Default test -->
  </suite> <!-- Default suite -->
</testng-results>
