<?xml version="1.0" encoding="UTF-8"?>
<testng-results ignored="0" total="1" passed="1" failed="0" skipped="0">
  <reporter-output>
  </reporter-output>
  <suite started-at="2026-01-15T21:05:16 IST" name="Default suite" finished-at="2026-01-15T21:05:24 IST" duration-ms="8246">
    <groups>
    </groups>
    <test started-at="2026-01-15T21:05:16 IST" name="Default test" finished-at="2026-01-15T21:05:24 IST" duration-ms="8246">
      <class name="com.TestNG.Day14_1_TestCaseValidation">
        <test-method signature="testcase()[pri:0, instance:com.TestNG.Day14_1_TestCaseValidation@411f53a0]" started-at="2026-01-15T21:05:16 IST" name="testcase" finished-at="2026-01-15T21:05:24 IST" duration-ms="8188" status="PASS">
          <reporter-output>
          </reporter-output>
        </test-method> <!-- testcase -->
      </class> <!-- com.TestNG.Day14_1_TestCaseValidation -->
    </test> <!-- Default test -->
  </suite> <!-- Default suite -->
</testng-results>
