<?xml version="1.0" encoding="UTF-8"?>
<testng-results ignored="0" total="1" passed="1" failed="0" skipped="0">
  <reporter-output>
  </reporter-output>
  <suite started-at="2026-01-15T23:23:17 IST" name="Default suite" finished-at="2026-01-15T23:23:21 IST" duration-ms="4049">
    <groups>
    </groups>
    <test started-at="2026-01-15T23:23:17 IST" name="Default test" finished-at="2026-01-15T23:23:21 IST" duration-ms="4049">
      <class name="com.TestNG.Day15_2_getPageSource">
        <test-method signature="register()[pri:0, instance:com.TestNG.Day15_2_getPageSource@411f53a0]" started-at="2026-01-15T23:23:17 IST" name="register" finished-at="2026-01-15T23:23:21 IST" duration-ms="4008" status="PASS">
          <reporter-output>
          </reporter-output>
        </test-method> <!-- register -->
      </class> <!-- com.TestNG.Day15_2_getPageSource -->
    </test> <!-- Default test -->
  </suite> <!-- Default suite -->
</testng-results>
