<?xml version="1.0" encoding="UTF-8"?>
<testng-results ignored="0" total="1" passed="1" failed="0" skipped="0">
  <reporter-output>
  </reporter-output>
  <suite started-at="2026-01-24T12:23:57 IST" name="Default suite" finished-at="2026-01-24T12:24:11 IST" duration-ms="13405">
    <groups>
    </groups>
    <test started-at="2026-01-24T12:23:57 IST" name="Default test" finished-at="2026-01-24T12:24:11 IST" duration-ms="13405">
      <class name="com.TestNG.Day18_window">
        <test-method is-config="true" signature="precise()[pri:0, instance:com.TestNG.Day18_window@206a70ef]" started-at="2026-01-24T12:23:57 IST" name="precise" finished-at="2026-01-24T12:24:03 IST" duration-ms="5538" status="PASS">
          <reporter-output>
          </reporter-output>
        </test-method> <!-- precise -->
        <test-method signature="window_test()[pri:0, instance:com.TestNG.Day18_window@206a70ef]" started-at="2026-01-24T12:24:03 IST" name="window_test" finished-at="2026-01-24T12:24:10 IST" duration-ms="7577" status="PASS">
          <reporter-output>
          </reporter-output>
        </test-method> <!-- window_test -->
        <test-method is-config="true" signature="end()[pri:0, instance:com.TestNG.Day18_window@206a70ef]" started-at="2026-01-24T12:24:10 IST" name="end" finished-at="2026-01-24T12:24:11 IST" duration-ms="228" status="PASS">
          <reporter-output>
          </reporter-output>
        </test-method> <!-- end -->
      </class> <!-- com.TestNG.Day18_window -->
    </test> <!-- Default test -->
  </suite> <!-- Default suite -->
</testng-results>
