<?xml version="1.0" encoding="UTF-8"?>
<testng-results ignored="2" total="4" passed="2" failed="0" skipped="0">
  <reporter-output>
  </reporter-output>
  <suite started-at="2026-01-27T11:52:05 IST" name="Default suite" finished-at="2026-01-27T11:52:09 IST" duration-ms="3582">
    <groups>
    </groups>
    <test started-at="2026-01-27T11:52:05 IST" name="Default test" finished-at="2026-01-27T11:52:09 IST" duration-ms="3582">
      <class name="com.TestNG.Day21_0_Select">
        <test-method is-config="true" signature="strat()[pri:0, instance:com.TestNG.Day21_0_Select@489115ef]" started-at="2026-01-27T11:52:05 IST" name="strat" finished-at="2026-01-27T11:52:08 IST" duration-ms="2671" status="PASS">
          <reporter-output>
          </reporter-output>
        </test-method> <!-- strat -->
        <test-method signature="test2()[pri:0, instance:com.TestNG.Day21_0_Select@489115ef]" started-at="2026-01-27T11:52:08 IST" name="test2" finished-at="2026-01-27T11:52:08 IST" duration-ms="137" status="PASS">
          <reporter-output>
          </reporter-output>
        </test-method> <!-- test2 -->
        <test-method is-config="true" signature="end()[pri:0, instance:com.TestNG.Day21_0_Select@489115ef]" started-at="2026-01-27T11:52:08 IST" name="end" finished-at="2026-01-27T11:52:09 IST" duration-ms="455" status="PASS">
          <reporter-output>
          </reporter-output>
        </test-method> <!-- end -->
        <test-method signature="test3()[pri:1, instance:com.TestNG.Day21_0_Select@489115ef]" started-at="2026-01-27T11:52:09 IST" name="test3" finished-at="2026-01-27T11:52:09 IST" duration-ms="1" status="PASS">
          <reporter-output>
          </reporter-output>
        </test-method> <!-- test3 -->
        <test-method is-config="true" signature="end()[pri:0, instance:com.TestNG.Day21_0_Select@489115ef]" started-at="2026-01-27T11:52:09 IST" name="end" finished-at="2026-01-27T11:52:09 IST" duration-ms="287" status="PASS">
          <reporter-output>
          </reporter-output>
        </test-method> <!-- end -->
      </class> <!-- com.TestNG.Day21_0_Select -->
    </test> <!-- Default test -->
  </suite> <!-- Default suite -->
</testng-results>
