<?xml version="1.0" encoding="UTF-8"?>
<testng-results ignored="0" total="1" passed="1" failed="0" skipped="0">
  <reporter-output>
  </reporter-output>
  <suite started-at="2026-01-26T11:53:54 IST" name="Default suite" finished-at="2026-01-26T11:53:59 IST" duration-ms="5170">
    <groups>
    </groups>
    <test started-at="2026-01-26T11:53:54 IST" name="Default test" finished-at="2026-01-26T11:53:59 IST" duration-ms="5170">
      <class name="com.TestNG.Day20_1_Action">
        <test-method is-config="true" signature="before()[pri:0, instance:com.TestNG.Day20_1_Action@6c6cb480]" started-at="2026-01-26T11:53:54 IST" name="before" finished-at="2026-01-26T11:53:59 IST" duration-ms="4542" status="PASS">
          <reporter-output>
          </reporter-output>
        </test-method> <!-- before -->
        <test-method signature="test()[pri:0, instance:com.TestNG.Day20_1_Action@6c6cb480]" started-at="2026-01-26T11:53:59 IST" name="test" finished-at="2026-01-26T11:53:59 IST" duration-ms="583" status="PASS">
          <reporter-output>
          </reporter-output>
        </test-method> <!-- test -->
      </class> <!-- com.TestNG.Day20_1_Action -->
    </test> <!-- Default test -->
  </suite> <!-- Default suite -->
</testng-results>
