<?xml version="1.0" encoding="UTF-8"?>
<testng-results ignored="0" total="3" passed="3" failed="0" skipped="0">
  <reporter-output>
  </reporter-output>
  <suite started-at="2026-01-25T21:45:55 IST" name="Default suite" finished-at="2026-01-25T21:46:18 IST" duration-ms="22578">
    <groups>
    </groups>
    <test started-at="2026-01-25T21:45:55 IST" name="Default test" finished-at="2026-01-25T21:46:18 IST" duration-ms="22578">
      <class name="com.TestNG.Day20_0_Action">
        <test-method is-config="true" signature="before()[pri:0, instance:com.TestNG.Day20_0_Action@22555ebf]" started-at="2026-01-25T21:45:55 IST" name="before" finished-at="2026-01-25T21:46:06 IST" duration-ms="10878" status="PASS">
          <reporter-output>
          </reporter-output>
        </test-method> <!-- before -->
        <test-method signature="test()[pri:0, instance:com.TestNG.Day20_0_Action@22555ebf]" started-at="2026-01-25T21:46:06 IST" name="test" finished-at="2026-01-25T21:46:06 IST" duration-ms="145" status="PASS">
          <reporter-output>
          </reporter-output>
        </test-method> <!-- test -->
        <test-method is-config="true" signature="after()[pri:0, instance:com.TestNG.Day20_0_Action@22555ebf]" started-at="2026-01-25T21:46:06 IST" name="after" finished-at="2026-01-25T21:46:06 IST" duration-ms="127" status="PASS">
          <reporter-output>
          </reporter-output>
        </test-method> <!-- after -->
        <test-method is-config="true" signature="before()[pri:0, instance:com.TestNG.Day20_0_Action@22555ebf]" started-at="2026-01-25T21:46:06 IST" name="before" finished-at="2026-01-25T21:46:13 IST" duration-ms="6818" status="PASS">
          <reporter-output>
          </reporter-output>
        </test-method> <!-- before -->
        <test-method signature="test1()[pri:1, instance:com.TestNG.Day20_0_Action@22555ebf]" started-at="2026-01-25T21:46:13 IST" name="test1" finished-at="2026-01-25T21:46:13 IST" duration-ms="277" status="PASS">
          <reporter-output>
          </reporter-output>
        </test-method> <!-- test1 -->
        <test-method is-config="true" signature="after()[pri:0, instance:com.TestNG.Day20_0_Action@22555ebf]" started-at="2026-01-25T21:46:13 IST" name="after" finished-at="2026-01-25T21:46:13 IST" duration-ms="114" status="PASS">
          <reporter-output>
          </reporter-output>
        </test-method> <!-- after -->
        <test-method is-config="true" signature="before()[pri:0, instance:com.TestNG.Day20_0_Action@22555ebf]" started-at="2026-01-25T21:46:13 IST" name="before" finished-at="2026-01-25T21:46:17 IST" duration-ms="4040" status="PASS">
          <reporter-output>
          </reporter-output>
        </test-method> <!-- before -->
        <test-method signature="test2()[pri:2, instance:com.TestNG.Day20_0_Action@22555ebf]" started-at="2026-01-25T21:46:17 IST" name="test2" finished-at="2026-01-25T21:46:18 IST" duration-ms="31" status="PASS">
          <reporter-output>
          </reporter-output>
        </test-method> <!-- test2 -->
        <test-method is-config="true" signature="after()[pri:0, instance:com.TestNG.Day20_0_Action@22555ebf]" started-at="2026-01-25T21:46:18 IST" name="after" finished-at="2026-01-25T21:46:18 IST" duration-ms="111" status="PASS">
          <reporter-output>
          </reporter-output>
        </test-method> <!-- after -->
      </class> <!-- com.TestNG.Day20_0_Action -->
    </test> <!-- Default test -->
  </suite> <!-- Default suite -->
</testng-results>
