<?xml version="1.0" encoding="UTF-8"?>
<testng-results ignored="2" total="6" passed="4" failed="0" skipped="0">
  <reporter-output>
  </reporter-output>
  <suite started-at="2026-01-14T17:16:42 IST" name="TKA.JBKCRM by groups" finished-at="2026-01-14T17:16:42 IST" duration-ms="97">
    <groups>
      <group name="smoke">
        <method signature="Day12_8_group.logout()[pri:0, instance:com.TestNG.Day12_8_group@3754a4bf]" name="logout" class="com.TestNG.Day12_8_group"/>
        <method signature="Day12_8_group.search()[pri:2, instance:com.TestNG.Day12_8_group@3754a4bf]" name="search" class="com.TestNG.Day12_8_group"/>
      </group> <!-- smoke -->
      <group name="sanity">
        <method signature="Day12_8_group.display()[pri:1, instance:com.TestNG.Day12_8_group@3754a4bf]" name="display" class="com.TestNG.Day12_8_group"/>
        <method signature="Day12_8_group.register()[pri:3, instance:com.TestNG.Day12_8_group@3754a4bf]" name="register" class="com.TestNG.Day12_8_group"/>
      </group> <!-- sanity -->
    </groups>
    <test started-at="2026-01-14T17:16:42 IST" name="GRP-smoke,sanity" finished-at="2026-01-14T17:16:42 IST" duration-ms="97">
      <class name="com.TestNG.Day12_8_group">
        <test-method signature="logout()[pri:0, instance:com.TestNG.Day12_8_group@3754a4bf]" started-at="2026-01-14T17:16:42 IST" name="logout" finished-at="2026-01-14T17:16:42 IST" duration-ms="11" status="PASS">
          <reporter-output>
          </reporter-output>
        </test-method> <!-- logout -->
        <test-method signature="display()[pri:1, instance:com.TestNG.Day12_8_group@3754a4bf]" started-at="2026-01-14T17:16:42 IST" name="display" finished-at="2026-01-14T17:16:42 IST" duration-ms="2" status="PASS">
          <reporter-output>
          </reporter-output>
        </test-method> <!-- display -->
        <test-method signature="search()[pri:2, instance:com.TestNG.Day12_8_group@3754a4bf]" started-at="2026-01-14T17:16:42 IST" name="search" finished-at="2026-01-14T17:16:42 IST" depends-on-methods="com.TestNG.Day12_8_group.display" duration-ms="1" status="PASS">
          <reporter-output>
          </reporter-output>
        </test-method> <!-- search -->
        <test-method signature="register()[pri:3, instance:com.TestNG.Day12_8_group@3754a4bf]" started-at="2026-01-14T17:16:42 IST" name="register" finished-at="2026-01-14T17:16:42 IST" duration-ms="2" status="PASS">
          <reporter-output>
          </reporter-output>
        </test-method> <!-- register -->
      </class> <!-- com.TestNG.Day12_8_group -->
    </test> <!-- GRP-smoke,sanity -->
  </suite> <!-- TKA.JBKCRM by groups -->
</testng-results>
