<?xml version="1.0" encoding="UTF-8"?>
<testng-results ignored="0" total="1" passed="1" failed="0" skipped="0">
  <reporter-output>
  </reporter-output>
  <suite started-at="2026-01-27T12:47:20 IST" name="Default suite" finished-at="2026-01-27T12:47:22 IST" duration-ms="2625">
    <groups>
    </groups>
    <test started-at="2026-01-27T12:47:20 IST" name="Default test" finished-at="2026-01-27T12:47:22 IST" duration-ms="2625">
      <class name="com.TestNG.Day21_1_Task1">
        <test-method is-config="true" signature="start()[pri:0, instance:com.TestNG.Day21_1_Task1@62ddbd7e]" started-at="2026-01-27T12:47:20 IST" name="start" finished-at="2026-01-27T12:47:22 IST" duration-ms="2371" status="PASS">
          <reporter-output>
          </reporter-output>
        </test-method> <!-- start -->
        <test-method signature="test()[pri:0, instance:com.TestNG.Day21_1_Task1@62ddbd7e]" started-at="2026-01-27T12:47:22 IST" name="test" finished-at="2026-01-27T12:47:22 IST" duration-ms="222" status="PASS">
          <reporter-output>
          </reporter-output>
        </test-method> <!-- test -->
        <test-method is-config="true" signature="end()[pri:0, instance:com.TestNG.Day21_1_Task1@62ddbd7e]" started-at="2026-01-27T12:47:22 IST" name="end" finished-at="2026-01-27T12:47:22 IST" duration-ms="0" status="PASS">
          <reporter-output>
          </reporter-output>
        </test-method> <!-- end -->
      </class> <!-- com.TestNG.Day21_1_Task1 -->
    </test> <!-- Default test -->
  </suite> <!-- Default suite -->
</testng-results>
