<?xml version="1.0" encoding="UTF-8"?>
<testng-results ignored="0" total="1" passed="1" failed="0" skipped="0">
  <reporter-output>
  </reporter-output>
  <suite started-at="2026-01-22T16:38:06 IST" name="Default suite" finished-at="2026-01-22T16:38:13 IST" duration-ms="7468">
    <groups>
    </groups>
    <test started-at="2026-01-22T16:38:06 IST" name="Default test" finished-at="2026-01-22T16:38:13 IST" duration-ms="7468">
      <class name="com.TestNG.Day17_Navigation">
        <test-method is-config="true" signature="precondition()[pri:0, instance:com.TestNG.Day17_Navigation@408d971b]" started-at="2026-01-22T16:38:06 IST" name="precondition" finished-at="2026-01-22T16:38:11 IST" duration-ms="5632" status="PASS">
          <reporter-output>
          </reporter-output>
        </test-method> <!-- precondition -->
        <test-method signature="validation()[pri:0, instance:com.TestNG.Day17_Navigation@408d971b]" started-at="2026-01-22T16:38:11 IST" name="validation" finished-at="2026-01-22T16:38:13 IST" duration-ms="1671" status="PASS">
          <reporter-output>
          </reporter-output>
        </test-method> <!-- validation -->
        <test-method is-config="true" signature="end()[pri:0, instance:com.TestNG.Day17_Navigation@408d971b]" started-at="2026-01-22T16:38:13 IST" name="end" finished-at="2026-01-22T16:38:13 IST" duration-ms="135" status="PASS">
          <reporter-output>
          </reporter-output>
        </test-method> <!-- end -->
      </class> <!-- com.TestNG.Day17_Navigation -->
    </test> <!-- Default test -->
  </suite> <!-- Default suite -->
</testng-results>
