<?xml version="1.0" encoding="UTF-8"?>
<testng-results ignored="2" total="6" passed="4" failed="0" skipped="0">
  <reporter-output>
  </reporter-output>
  <suite started-at="2026-01-14T17:01:45 IST" name="Default suite" finished-at="2026-01-14T17:01:45 IST" duration-ms="74">
    <groups>
    </groups>
    <test started-at="2026-01-14T17:01:45 IST" name="Default test" finished-at="2026-01-14T17:01:45 IST" duration-ms="74">
      <class name="com.TestNG.Day12_4_alwaysRun">
        <test-method signature="loggedIn()[pri:0, instance:com.TestNG.Day12_4_alwaysRun@5e0e82ae]" started-at="2026-01-14T17:01:45 IST" name="loggedIn" finished-at="2026-01-14T17:01:45 IST" duration-ms="11" status="PASS">
          <reporter-output>
          </reporter-output>
        </test-method> <!-- loggedIn -->
        <test-method signature="logout()[pri:0, instance:com.TestNG.Day12_4_alwaysRun@5e0e82ae]" started-at="2026-01-14T17:01:45 IST" name="logout" finished-at="2026-01-14T17:01:45 IST" duration-ms="2" status="PASS">
          <reporter-output>
          </reporter-output>
        </test-method> <!-- logout -->
        <test-method signature="display()[pri:1, instance:com.TestNG.Day12_4_alwaysRun@5e0e82ae]" started-at="2026-01-14T17:01:45 IST" name="display" finished-at="2026-01-14T17:01:45 IST" duration-ms="1" status="PASS">
          <reporter-output>
          </reporter-output>
        </test-method> <!-- display -->
        <test-method signature="search()[pri:2, instance:com.TestNG.Day12_4_alwaysRun@5e0e82ae]" started-at="2026-01-14T17:01:45 IST" name="search" finished-at="2026-01-14T17:01:45 IST" depends-on-methods="com.TestNG.Day12_4_alwaysRun.display" duration-ms="2" status="PASS">
          <reporter-output>
          </reporter-output>
        </test-method> <!-- search -->
      </class> <!-- com.TestNG.Day12_4_alwaysRun -->
    </test> <!-- Default test -->
  </suite> <!-- Default suite -->
</testng-results>
