<?xml version="1.0" encoding="UTF-8"?>
<testng-results ignored="0" total="1" passed="1" failed="0" skipped="0">
  <reporter-output>
  </reporter-output>
  <suite started-at="2026-01-22T17:01:28 IST" name="Default suite" finished-at="2026-01-22T17:01:32 IST" duration-ms="3880">
    <groups>
    </groups>
    <test started-at="2026-01-22T17:01:28 IST" name="Default test" finished-at="2026-01-22T17:01:32 IST" duration-ms="3880">
      <class name="com.TestNG.Day17_Practice">
        <test-method is-config="true" signature="precondition()[pri:0, instance:com.TestNG.Day17_Practice@408d971b]" started-at="2026-01-22T17:01:28 IST" name="precondition" finished-at="2026-01-22T17:01:32 IST" duration-ms="3663" status="PASS">
          <reporter-output>
          </reporter-output>
        </test-method> <!-- precondition -->
        <test-method signature="test()[pri:0, instance:com.TestNG.Day17_Practice@408d971b]" started-at="2026-01-22T17:01:32 IST" name="test" finished-at="2026-01-22T17:01:32 IST" duration-ms="48" status="PASS">
          <reporter-output>
          </reporter-output>
        </test-method> <!-- test -->
        <test-method is-config="true" signature="end()[pri:0, instance:com.TestNG.Day17_Practice@408d971b]" started-at="2026-01-22T17:01:32 IST" name="end" finished-at="2026-01-22T17:01:32 IST" duration-ms="139" status="PASS">
          <reporter-output>
          </reporter-output>
        </test-method> <!-- end -->
      </class> <!-- com.TestNG.Day17_Practice -->
    </test> <!-- Default test -->
  </suite> <!-- Default suite -->
</testng-results>
