<?xml version="1.0" encoding="UTF-8"?>
<testng-results ignored="0" total="3" passed="3" failed="0" skipped="0">
  <reporter-output>
  </reporter-output>
  <suite started-at="2026-01-24T15:41:03 IST" name="Default suite" finished-at="2026-01-24T15:41:22 IST" duration-ms="19007">
    <groups>
    </groups>
    <test started-at="2026-01-24T15:41:03 IST" name="Default test" finished-at="2026-01-24T15:41:22 IST" duration-ms="19007">
      <class name="com.TestNG.Day18_2Practice">
        <test-method is-config="true" signature="precise()[pri:0, instance:com.TestNG.Day18_2Practice@292b08d6]" started-at="2026-01-24T15:41:03 IST" name="precise" finished-at="2026-01-24T15:41:08 IST" duration-ms="4539" status="PASS">
          <reporter-output>
          </reporter-output>
        </test-method> <!-- precise -->
        <test-method signature="end()[pri:0, instance:com.TestNG.Day18_2Practice@292b08d6]" started-at="2026-01-24T15:41:08 IST" name="end" finished-at="2026-01-24T15:41:08 IST" duration-ms="251" status="PASS">
          <reporter-output>
          </reporter-output>
        </test-method> <!-- end -->
        <test-method is-config="true" signature="end()[pri:0, instance:com.TestNG.Day18_2Practice@292b08d6]" started-at="2026-01-24T15:41:08 IST" name="end" finished-at="2026-01-24T15:41:08 IST" duration-ms="0" status="PASS">
          <reporter-output>
          </reporter-output>
        </test-method> <!-- end -->
        <test-method is-config="true" signature="precise()[pri:0, instance:com.TestNG.Day18_2Practice@292b08d6]" started-at="2026-01-24T15:41:08 IST" name="precise" finished-at="2026-01-24T15:41:12 IST" duration-ms="3535" status="PASS">
          <reporter-output>
          </reporter-output>
        </test-method> <!-- precise -->
        <test-method signature="test()[pri:0, instance:com.TestNG.Day18_2Practice@292b08d6]" started-at="2026-01-24T15:41:12 IST" name="test" finished-at="2026-01-24T15:41:13 IST" duration-ms="1137" status="PASS">
          <reporter-output>
          </reporter-output>
        </test-method> <!-- test -->
        <test-method is-config="true" signature="end()[pri:0, instance:com.TestNG.Day18_2Practice@292b08d6]" started-at="2026-01-24T15:41:13 IST" name="end" finished-at="2026-01-24T15:41:13 IST" duration-ms="215" status="PASS">
          <reporter-output>
          </reporter-output>
        </test-method> <!-- end -->
        <test-method is-config="true" signature="precise()[pri:0, instance:com.TestNG.Day18_2Practice@292b08d6]" started-at="2026-01-24T15:41:13 IST" name="precise" finished-at="2026-01-24T15:41:17 IST" duration-ms="3508" status="PASS">
          <reporter-output>
          </reporter-output>
        </test-method> <!-- precise -->
        <test-method signature="test1()[pri:1, instance:com.TestNG.Day18_2Practice@292b08d6]" started-at="2026-01-24T15:41:17 IST" name="test1" finished-at="2026-01-24T15:41:22 IST" duration-ms="5498" status="PASS">
          <reporter-output>
          </reporter-output>
        </test-method> <!-- test1 -->
        <test-method is-config="true" signature="end()[pri:0, instance:com.TestNG.Day18_2Practice@292b08d6]" started-at="2026-01-24T15:41:22 IST" name="end" finished-at="2026-01-24T15:41:22 IST" duration-ms="228" status="PASS">
          <reporter-output>
          </reporter-output>
        </test-method> <!-- end -->
      </class> <!-- com.TestNG.Day18_2Practice -->
    </test> <!-- Default test -->
  </suite> <!-- Default suite -->
</testng-results>
