<?xml version="1.0" encoding="UTF-8"?>
<testng-results ignored="0" total="3" passed="2" failed="1" skipped="0">
  <reporter-output>
  </reporter-output>
  <suite started-at="2026-01-29T11:13:03 IST" name="Default suite" finished-at="2026-01-29T11:13:58 IST" duration-ms="54695">
    <groups>
    </groups>
    <test started-at="2026-01-29T11:13:03 IST" name="Default test" finished-at="2026-01-29T11:13:58 IST" duration-ms="54695">
      <class name="com.TestNG.Day22_1_waits">
        <test-method is-config="true" signature="before()[pri:0, instance:com.TestNG.Day22_1_waits@3c41ed1d]" started-at="2026-01-29T11:13:03 IST" name="before" finished-at="2026-01-29T11:13:13 IST" duration-ms="9797" status="PASS">
          <reporter-output>
          </reporter-output>
        </test-method> <!-- before -->
        <test-method signature="explicitWaitTest()[pri:1, instance:com.TestNG.Day22_1_waits@3c41ed1d]" started-at="2026-01-29T11:13:13 IST" name="explicitWaitTest" finished-at="2026-01-29T11:13:19 IST" duration-ms="5802" status="PASS">
          <reporter-output>
          </reporter-output>
        </test-method> <!-- explicitWaitTest -->
        <test-method is-config="true" signature="after()[pri:0, instance:com.TestNG.Day22_1_waits@3c41ed1d]" started-at="2026-01-29T11:13:19 IST" name="after" finished-at="2026-01-29T11:13:19 IST" duration-ms="289" status="PASS">
          <reporter-output>
          </reporter-output>
        </test-method> <!-- after -->
        <test-method is-config="true" signature="before()[pri:0, instance:com.TestNG.Day22_1_waits@3c41ed1d]" started-at="2026-01-29T11:13:19 IST" name="before" finished-at="2026-01-29T11:13:26 IST" duration-ms="7065" status="PASS">
          <reporter-output>
          </reporter-output>
        </test-method> <!-- before -->
        <test-method signature="implicitWaitTest()[pri:2, instance:com.TestNG.Day22_1_waits@3c41ed1d]" started-at="2026-01-29T11:13:26 IST" name="implicitWaitTest" finished-at="2026-01-29T11:13:37 IST" duration-ms="10628" status="PASS">
          <reporter-output>
          </reporter-output>
        </test-method> <!-- implicitWaitTest -->
        <test-method is-config="true" signature="after()[pri:0, instance:com.TestNG.Day22_1_waits@3c41ed1d]" started-at="2026-01-29T11:13:37 IST" name="after" finished-at="2026-01-29T11:13:37 IST" duration-ms="229" status="PASS">
          <reporter-output>
          </reporter-output>
        </test-method> <!-- after -->
        <test-method is-config="true" signature="before()[pri:0, instance:com.TestNG.Day22_1_waits@3c41ed1d]" started-at="2026-01-29T11:13:37 IST" name="before" finished-at="2026-01-29T11:13:42 IST" duration-ms="5171" status="PASS">
          <reporter-output>
          </reporter-output>
        </test-method> <!-- before -->
        <test-method signature="fluentWaitTest()[pri:3, instance:com.TestNG.Day22_1_waits@3c41ed1d]" started-at="2026-01-29T11:13:42 IST" name="fluentWaitTest" finished-at="2026-01-29T11:13:58 IST" duration-ms="15385" status="FAIL">
          <exception class="org.openqa.selenium.TimeoutException">
            <message>
              <![CDATA[Expected condition failed: waiting for visibility of element located by By.id: txt2 (tried for 15 second(s) with 3000 milliseconds interval)
Build info: version: '4.38.0', revision: '6b412e825c*'
System info: os.name: 'Windows 11', os.arch: 'amd64', os.version: '10.0', java.version: '22.0.2'
Driver info: driver.version: unknown]]>
            </message>
            <full-stacktrace>
              <![CDATA[org.openqa.selenium.TimeoutException: Expected condition failed: waiting for visibility of element located by By.id: txt2 (tried for 15 second(s) with 3000 milliseconds interval)
Build info: version: '4.38.0', revision: '6b412e825c*'
System info: os.name: 'Windows 11', os.arch: 'amd64', os.version: '10.0', java.version: '22.0.2'
Driver info: driver.version: unknown
at org.openqa.selenium.support.ui.FluentWait.timeoutException(FluentWait.java:265)
at org.openqa.selenium.support.ui.FluentWait.until(FluentWait.java:228)
at com.TestNG.Day22_1_waits.fluentWaitTest(Day22_1_waits.java:63)
at java.base/jdk.internal.reflect.DirectMethodHandleAccessor.invoke(DirectMethodHandleAccessor.java:103)
at java.base/java.lang.reflect.Method.invoke(Method.java:580)
at org.testng.internal.invokers.MethodInvocationHelper.invokeMethod(MethodInvocationHelper.java:141)
at org.testng.internal.invokers.TestInvoker.invokeMethod(TestInvoker.java:687)
at org.testng.internal.invokers.TestInvoker.invokeTestMethod(TestInvoker.java:230)
at org.testng.internal.invokers.MethodRunner.runInSequence(MethodRunner.java:63)
at org.testng.internal.invokers.TestInvoker$MethodInvocationAgent.invoke(TestInvoker.java:995)
at org.testng.internal.invokers.TestInvoker.invokeTestMethods(TestInvoker.java:203)
at org.testng.internal.invokers.TestMethodWorker.invokeTestMethods(TestMethodWorker.java:154)
at org.testng.internal.invokers.TestMethodWorker.run(TestMethodWorker.java:134)
at java.base/java.util.ArrayList.forEach(ArrayList.java:1597)
at org.testng.TestRunner.privateRun(TestRunner.java:741)
at org.testng.TestRunner.run(TestRunner.java:616)
at org.testng.SuiteRunner.runTest(SuiteRunner.java:421)
at org.testng.SuiteRunner.runSequentially(SuiteRunner.java:413)
at org.testng.SuiteRunner.privateRun(SuiteRunner.java:373)
at org.testng.SuiteRunner.run(SuiteRunner.java:312)
at org.testng.SuiteRunnerWorker.runSuite(SuiteRunnerWorker.java:52)
at org.testng.SuiteRunnerWorker.run(SuiteRunnerWorker.java:95)
at org.testng.TestNG.runSuitesSequentially(TestNG.java:1274)
at org.testng.TestNG.runSuitesLocally(TestNG.java:1208)
at org.testng.TestNG.runSuites(TestNG.java:1112)
at org.testng.TestNG.run(TestNG.java:1079)
at org.testng.remote.AbstractRemoteTestNG.run(AbstractRemoteTestNG.java:115)
at org.testng.remote.RemoteTestNG.initAndRun(RemoteTestNG.java:293)
at org.testng.remote.RemoteTestNG.main(RemoteTestNG.java:91)
]]>
            </full-stacktrace>
          </exception> <!-- org.openqa.selenium.TimeoutException -->
          <reporter-output>
          </reporter-output>
        </test-method> <!-- fluentWaitTest -->
        <test-method is-config="true" signature="after()[pri:0, instance:com.TestNG.Day22_1_waits@3c41ed1d]" started-at="2026-01-29T11:13:58 IST" name="after" finished-at="2026-01-29T11:13:58 IST" duration-ms="245" status="PASS">
          <reporter-output>
          </reporter-output>
        </test-method> <!-- after -->
      </class> <!-- com.TestNG.Day22_1_waits -->
    </test> <!-- Default test -->
  </suite> <!-- Default suite -->
</testng-results>
