<?xml version="1.0" encoding="UTF-8"?>
<testng-results ignored="1" total="6" passed="5" failed="0" skipped="0">
  <reporter-output>
  </reporter-output>
  <suite started-at="2026-01-14T16:49:51 IST" name="Default suite" finished-at="2026-01-14T16:49:51 IST" duration-ms="98">
    <groups>
    </groups>
    <test started-at="2026-01-14T16:49:51 IST" name="Default test" finished-at="2026-01-14T16:49:51 IST" duration-ms="98">
      <class name="com.TestNG.Day12_3_dependsonmethod">
        <test-method signature="loggedIn()[pri:0, instance:com.TestNG.Day12_3_dependsonmethod@5e0e82ae]" started-at="2026-01-14T16:49:51 IST" name="loggedIn" finished-at="2026-01-14T16:49:51 IST" duration-ms="16" status="PASS">
          <reporter-output>
          </reporter-output>
        </test-method> <!-- loggedIn -->
        <test-method signature="logout()[pri:0, instance:com.TestNG.Day12_3_dependsonmethod@5e0e82ae]" started-at="2026-01-14T16:49:51 IST" name="logout" finished-at="2026-01-14T16:49:51 IST" duration-ms="4" status="PASS">
          <reporter-output>
          </reporter-output>
        </test-method> <!-- logout -->
        <test-method signature="display()[pri:1, instance:com.TestNG.Day12_3_dependsonmethod@5e0e82ae]" started-at="2026-01-14T16:49:51 IST" name="display" finished-at="2026-01-14T16:49:51 IST" duration-ms="5" status="PASS">
          <reporter-output>
          </reporter-output>
        </test-method> <!-- display -->
        <test-method signature="search()[pri:2, instance:com.TestNG.Day12_3_dependsonmethod@5e0e82ae]" started-at="2026-01-14T16:49:51 IST" name="search" finished-at="2026-01-14T16:49:51 IST" depends-on-methods="com.TestNG.Day12_3_dependsonmethod.display" duration-ms="1" status="PASS">
          <reporter-output>
          </reporter-output>
        </test-method> <!-- search -->
        <test-method signature="register()[pri:3, instance:com.TestNG.Day12_3_dependsonmethod@5e0e82ae]" started-at="2026-01-14T16:49:51 IST" name="register" finished-at="2026-01-14T16:49:51 IST" duration-ms="3" status="PASS">
          <reporter-output>
          </reporter-output>
        </test-method> <!-- register -->
      </class> <!-- com.TestNG.Day12_3_dependsonmethod -->
    </test> <!-- Default test -->
  </suite> <!-- Default suite -->
</testng-results>
