<?xml version="1.0" encoding="UTF-8"?>
<!-- Generated by org.testng.reporters.JUnitReportReporter -->
<testsuite hostname="DESKTOP-E4QNE7I" failures="0" tests="4" name="com.TestNG.Day12_4_alwaysRun" time="0.016" errors="0" timestamp="2026-01-16T16:02:35 IST" skipped="2">
  <testcase classname="com.TestNG.Day12_4_alwaysRun" name="logout" time="0.012"/>
  <testcase classname="com.TestNG.Day12_4_alwaysRun" name="search" time="0.004"/>
  <testcase classname="com.TestNG.Day12_4_alwaysRun" name="view">
    <skipped/>
  </testcase> <!-- view -->
  <testcase classname="com.TestNG.Day12_4_alwaysRun" name="register">
    <skipped/>
  </testcase> <!-- register -->
</testsuite> <!-- com.TestNG.Day12_4_alwaysRun -->
