<?xml version="1.0" encoding="UTF-8"?>
<!-- Generated by org.testng.reporters.JUnitReportReporter -->
<testsuite hostname="DESKTOP-E4QNE7I" failures="0" tests="3" name="com.TestNG.Day20_0_Action" time="22.541" errors="0" timestamp="2026-01-25T21:46:18 IST" skipped="0">
  <testcase classname="com.TestNG.Day20_0_Action" name="test" time="4.312"/>
  <testcase classname="com.TestNG.Day20_0_Action" name="test1" time="11.269"/>
  <testcase classname="com.TestNG.Day20_0_Action" name="test2" time="6.960"/>
</testsuite> <!-- com.TestNG.Day20_0_Action -->
