<?xml version="1.0" encoding="UTF-8"?>
<!-- Generated by org.testng.reporters.JUnitReportReporter -->
<testsuite hostname="DESKTOP-E4QNE7I" failures="0" tests="5" name="com.TestNG.Day12_8_group" time="0.016" errors="0" timestamp="2026-01-14T17:16:42 IST" skipped="1">
  <testcase classname="com.TestNG.Day12_8_group" name="logout" time="0.011"/>
  <testcase classname="com.TestNG.Day12_8_group" name="display" time="0.002"/>
  <testcase classname="com.TestNG.Day12_8_group" name="search" time="0.001"/>
  <testcase classname="com.TestNG.Day12_8_group" name="register" time="0.002"/>
  <testcase classname="com.TestNG.Day12_8_group" name="view">
    <skipped/>
  </testcase> <!-- view -->
</testsuite> <!-- com.TestNG.Day12_8_group -->
