<?xml version="1.0" encoding="UTF-8"?>
<!-- Generated by org.testng.reporters.JUnitReportReporter -->
<testsuite hostname="DESKTOP-E4QNE7I" failures="0" tests="5" name="com.TestNG.Day12_2enable" time="0.015" errors="0" timestamp="2026-01-14T16:42:13 IST" skipped="2">
  <testcase classname="com.TestNG.Day12_2enable" name="logout" time="0.012"/>
  <testcase classname="com.TestNG.Day12_2enable" name="search" time="0.001"/>
  <testcase classname="com.TestNG.Day12_2enable" name="register" time="0.002"/>
  <testcase classname="com.TestNG.Day12_2enable" name="view">
    <skipped/>
  </testcase> <!-- view -->
  <testcase classname="com.TestNG.Day12_2enable" name="display">
    <skipped/>
  </testcase> <!-- display -->
</testsuite> <!-- com.TestNG.Day12_2enable -->
