<?xml version="1.0" encoding="UTF-8"?>
<!-- Generated by org.testng.reporters.JUnitReportReporter -->
<testsuite hostname="DESKTOP-E4QNE7I" failures="0" tests="3" name="com.TestNG.Day12_TestNG_Attributes" time="0.009" errors="0" timestamp="2026-01-14T16:13:57 IST" skipped="0">
  <testcase classname="com.TestNG.Day12_TestNG_Attributes" name="display" time="0.007"/>
  <testcase classname="com.TestNG.Day12_TestNG_Attributes" name="register" time="0.001"/>
  <testcase classname="com.TestNG.Day12_TestNG_Attributes" name="search" time="0.001"/>
</testsuite> <!-- com.TestNG.Day12_TestNG_Attributes -->
