<?xml version="1.0" encoding="UTF-8"?>
<!-- Generated by org.testng.reporters.JUnitReportReporter -->
<testsuite hostname="DESKTOP-E4QNE7I" failures="0" tests="6" name="com.TestNG.Day12_2enable" time="0.016" errors="0" timestamp="2026-01-16T16:02:35 IST" skipped="2">
  <testcase classname="com.TestNG.Day12_2enable" name="logout" time="0.007"/>
  <testcase classname="com.TestNG.Day12_2enable" name="loggedIn" time="0.003"/>
  <testcase classname="com.TestNG.Day12_2enable" name="search" time="0.004"/>
  <testcase classname="com.TestNG.Day12_2enable" name="register" time="0.002"/>
  <testcase classname="com.TestNG.Day12_2enable" name="display">
    <skipped/>
  </testcase> <!-- display -->
  <testcase classname="com.TestNG.Day12_2enable" name="view">
    <skipped/>
  </testcase> <!-- view -->
</testsuite> <!-- com.TestNG.Day12_2enable -->
