<?xml version="1.0" encoding="UTF-8"?>
<!-- Generated by org.testng.reporters.JUnitReportReporter -->
<testsuite hostname="DESKTOP-E4QNE7I" failures="0" tests="3" name="com.TestNG.Day18_2Practice" time="18.911" errors="0" timestamp="2026-01-24T15:41:23 IST" skipped="0">
  <testcase classname="com.TestNG.Day18_2Practice" name="end" time="5.005"/>
  <testcase classname="com.TestNG.Day18_2Practice" name="test" time="4.645"/>
  <testcase classname="com.TestNG.Day18_2Practice" name="test1" time="9.261"/>
</testsuite> <!-- com.TestNG.Day18_2Practice -->
