<?xml version="1.0" encoding="UTF-8"?>
<!-- Generated by org.testng.reporters.JUnitReportReporter -->
<testsuite hostname="DESKTOP-E4QNE7I" failures="0" tests="6" name="com.TestNG.Day12_5_TimeOut" time="0.023" errors="0" timestamp="2026-01-16T16:02:35 IST" skipped="1">
  <testcase classname="com.TestNG.Day12_5_TimeOut" name="loggedIn" time="0.003"/>
  <testcase classname="com.TestNG.Day12_5_TimeOut" name="logout" time="0.000"/>
  <testcase classname="com.TestNG.Day12_5_TimeOut" name="display" time="0.010"/>
  <testcase classname="com.TestNG.Day12_5_TimeOut" name="search" time="0.005"/>
  <testcase classname="com.TestNG.Day12_5_TimeOut" name="register" time="0.005"/>
  <testcase classname="com.TestNG.Day12_5_TimeOut" name="view">
    <skipped/>
  </testcase> <!-- view -->
</testsuite> <!-- com.TestNG.Day12_5_TimeOut -->
