<?xml version="1.0" encoding="UTF-8"?>
<!-- Generated by org.testng.reporters.JUnitReportReporter -->
<testsuite hostname="DESKTOP-E4QNE7I" failures="0" tests="5" name="com.TestNG.Day12_1Attribute_Priority" time="0.007" errors="0" timestamp="2026-01-16T16:02:35 IST" skipped="0">
  <testcase classname="com.TestNG.Day12_1Attribute_Priority" name="logout" time="0.002"/>
  <testcase classname="com.TestNG.Day12_1Attribute_Priority" name="loggedIn" time="0.004"/>
  <testcase classname="com.TestNG.Day12_1Attribute_Priority" name="display" time="0.000"/>
  <testcase classname="com.TestNG.Day12_1Attribute_Priority" name="search" time="0.001"/>
  <testcase classname="com.TestNG.Day12_1Attribute_Priority" name="register" time="0.000"/>
</testsuite> <!-- com.TestNG.Day12_1Attribute_Priority -->
