<?xml version="1.0" encoding="UTF-8"?>
<!-- Generated by org.testng.reporters.JUnitReportReporter -->
<testsuite hostname="DESKTOP-E4QNE7I" failures="0" tests="3" name="com.TestNG.Day20_2_Keyboard_Practice" time="2.366" errors="0" timestamp="2026-01-26T13:02:34 IST" skipped="0">
  <testcase classname="com.TestNG.Day20_2_Keyboard_Practice" name="test" time="0.587"/>
  <testcase classname="com.TestNG.Day20_2_Keyboard_Practice" name="test1" time="1.127"/>
  <testcase classname="com.TestNG.Day20_2_Keyboard_Practice" name="test2" time="0.652"/>
</testsuite> <!-- com.TestNG.Day20_2_Keyboard_Practice -->
