<?xml version="1.0" encoding="UTF-8"?>
<!-- Generated by org.testng.reporters.JUnitReportReporter -->
<testsuite hostname="DESKTOP-E4QNE7I" failures="0" tests="6" name="com.TestNG.Day12_3_dependsonmethod" time="0.029" errors="0" timestamp="2026-01-14T16:49:51 IST" skipped="1">
  <testcase classname="com.TestNG.Day12_3_dependsonmethod" name="logout" time="0.004"/>
  <testcase classname="com.TestNG.Day12_3_dependsonmethod" name="loggedIn" time="0.016"/>
  <testcase classname="com.TestNG.Day12_3_dependsonmethod" name="display" time="0.005"/>
  <testcase classname="com.TestNG.Day12_3_dependsonmethod" name="search" time="0.001"/>
  <testcase classname="com.TestNG.Day12_3_dependsonmethod" name="register" time="0.003"/>
  <testcase classname="com.TestNG.Day12_3_dependsonmethod" name="view">
    <skipped/>
  </testcase> <!-- view -->
</testsuite> <!-- com.TestNG.Day12_3_dependsonmethod -->
