<?xml version="1.0" encoding="UTF-8"?>
<!-- Generated by org.testng.reporters.JUnitReportReporter -->
<testsuite hostname="DESKTOP-E4QNE7I" failures="0" tests="7" name="com.TestNG.Day12_6_InvocationCount" time="0.022" errors="0" timestamp="2026-01-14T17:05:20 IST" skipped="1">
  <testcase classname="com.TestNG.Day12_6_InvocationCount" name="loggedIn" time="0.013"/>
  <testcase classname="com.TestNG.Day12_6_InvocationCount" name="logout" time="0.002"/>
  <testcase classname="com.TestNG.Day12_6_InvocationCount" name="display" time="0.001"/>
  <testcase classname="com.TestNG.Day12_6_InvocationCount" name="display" time="0.002"/>
  <testcase classname="com.TestNG.Day12_6_InvocationCount" name="search" time="0.003"/>
  <testcase classname="com.TestNG.Day12_6_InvocationCount" name="register" time="0.001"/>
  <testcase classname="com.TestNG.Day12_6_InvocationCount" name="view">
    <skipped/>
  </testcase> <!-- view -->
</testsuite> <!-- com.TestNG.Day12_6_InvocationCount -->
