<?xml version="1.0" encoding="UTF-8"?>
<!-- Generated by org.testng.reporters.JUnitReportReporter -->
<testsuite hostname="DESKTOP-E4QNE7I" failures="0" tests="5" name="com.TestNG.Day12_1Attribute_Priority" time="0.014" errors="0" timestamp="2026-01-14T16:38:32 IST" skipped="0">
  <testcase classname="com.TestNG.Day12_1Attribute_Priority" name="loggedIn" time="0.010"/>
  <testcase classname="com.TestNG.Day12_1Attribute_Priority" name="logout" time="0.001"/>
  <testcase classname="com.TestNG.Day12_1Attribute_Priority" name="display" time="0.001"/>
  <testcase classname="com.TestNG.Day12_1Attribute_Priority" name="search" time="0.001"/>
  <testcase classname="com.TestNG.Day12_1Attribute_Priority" name="register" time="0.001"/>
</testsuite> <!-- com.TestNG.Day12_1Attribute_Priority -->
