<?xml version="1.0" encoding="UTF-8"?>
<!-- Generated by org.testng.reporters.JUnitReportReporter -->
<testsuite hostname="DESKTOP-E4QNE7I" failures="0" tests="6" name="com.TestNG.Day12_7_description" time="0.006" errors="0" timestamp="2026-01-16T16:02:35 IST" skipped="1">
  <testcase classname="com.TestNG.Day12_7_description" name="logout" time="0.000"/>
  <testcase classname="com.TestNG.Day12_7_description" name="loggedIn" time="0.000"/>
  <testcase classname="com.TestNG.Day12_7_description" name="display" time="0.000"/>
  <testcase classname="com.TestNG.Day12_7_description" name="search" time="0.004"/>
  <testcase classname="com.TestNG.Day12_7_description" name="register" time="0.002"/>
  <testcase classname="com.TestNG.Day12_7_description" name="view">
    <skipped/>
  </testcase> <!-- view -->
</testsuite> <!-- com.TestNG.Day12_7_description -->
