<?xml version="1.0" encoding="UTF-8"?>
<!-- Generated by org.testng.reporters.JUnitReportReporter -->
<testsuite hostname="DESKTOP-E4QNE7I" failures="0" tests="6" name="com.TestNG.Day12_4_alwaysRun" time="0.016" errors="0" timestamp="2026-01-14T17:01:45 IST" skipped="2">
  <testcase classname="com.TestNG.Day12_4_alwaysRun" name="loggedIn" time="0.011"/>
  <testcase classname="com.TestNG.Day12_4_alwaysRun" name="logout" time="0.002"/>
  <testcase classname="com.TestNG.Day12_4_alwaysRun" name="display" time="0.001"/>
  <testcase classname="com.TestNG.Day12_4_alwaysRun" name="search" time="0.002"/>
  <testcase classname="com.TestNG.Day12_4_alwaysRun" name="register">
    <skipped/>
  </testcase> <!-- register -->
  <testcase classname="com.TestNG.Day12_4_alwaysRun" name="view">
    <skipped/>
  </testcase> <!-- view -->
</testsuite> <!-- com.TestNG.Day12_4_alwaysRun -->
