<?xml version="1.0" encoding="UTF-8"?>
<!-- Generated by org.testng.reporters.JUnitXMLReporter -->
<testsuite ignored="2" hostname="DESKTOP-E4QNE7I" failures="0" tests="4" name="GRP-smoke,sanity" time="0.097" errors="0" timestamp="2026-01-14T17:16:42 IST">
  <testcase classname="com.TestNG.Day12_8_group" name="logout" time="0.011"/>
  <testcase classname="com.TestNG.Day12_8_group" name="display" time="0.002"/>
  <testcase classname="com.TestNG.Day12_8_group" name="search" time="0.001"/>
  <testcase classname="com.TestNG.Day12_8_group" name="register" time="0.002"/>
  <testcase classname="com.TestNG.Day12_8_group" name="view" time="0.0">
    <ignored/>
  </testcase> <!-- view -->
  <testcase classname="com.TestNG.Day12_8_group" name="loggedIn" time="0.0">
    <ignored/>
  </testcase> <!-- loggedIn -->
</testsuite> <!-- GRP-smoke,sanity -->
